{"/home/jingyuan/Workspace/voice/backend/src/app.ts": {"path":"/home/jingyuan/Workspace/voice/backend/src/app.ts","statementMap":{"0":{"start":{"line":8,"column":0},"end":{"line":8,"column":16}},"1":{"start":{"line":1,"column":0},"end":{"line":1,"column":30}},"2":{"start":{"line":2,"column":0},"end":{"line":2,"column":24}},"3":{"start":{"line":3,"column":0},"end":{"line":3,"column":62}},"4":{"start":{"line":4,"column":0},"end":{"line":4,"column":64}},"5":{"start":{"line":5,"column":0},"end":{"line":5,"column":48}},"6":{"start":{"line":6,"column":0},"end":{"line":6,"column":50}},"7":{"start":{"line":9,"column":14},"end":{"line":9,"column":23}},"8":{"start":{"line":11,"column":2},"end":{"line":11,"column":26}},"9":{"start":{"line":12,"column":2},"end":{"line":12,"column":42}},"10":{"start":{"line":14,"column":2},"end":{"line":14,"column":39}},"11":{"start":{"line":15,"column":2},"end":{"line":15,"column":37}},"12":{"start":{"line":18,"column":23},"end":{"line":18,"column":83}},"13":{"start":{"line":19,"column":2},"end":{"line":22,"column":3}},"14":{"start":{"line":20,"column":4},"end":{"line":20,"column":42}},"15":{"start":{"line":21,"column":4},"end":{"line":21,"column":85}},"16":{"start":{"line":21,"column":32},"end":{"line":21,"column":83}},"17":{"start":{"line":24,"column":2},"end":{"line":24,"column":27}},"18":{"start":{"line":26,"column":2},"end":{"line":26,"column":13}}},"fnMap":{"0":{"name":"createApp","decl":{"start":{"line":8,"column":16},"end":{"line":8,"column":25}},"loc":{"start":{"line":8,"column":25},"end":{"line":27,"column":1}}},"1":{"name":"(anonymous_2)","decl":{"start":{"line":21,"column":17},"end":{"line":21,"column":18}},"loc":{"start":{"line":21,"column":32},"end":{"line":21,"column":83}}}},"branchMap":{"0":{"loc":{"start":{"line":19,"column":2},"end":{"line":22,"column":3}},"type":"if","locations":[{"start":{"line":19,"column":2},"end":{"line":22,"column":3}}]}},"s":{"0":1,"1":1,"2":1,"3":1,"4":1,"5":1,"6":1,"7":56,"8":56,"9":56,"10":56,"11":56,"12":56,"13":56,"14":2,"15":2,"16":1,"17":56,"18":56},"f":{"0":56,"1":1},"b":{"0":[2]}}
,"/home/jingyuan/Workspace/voice/backend/src/config/index.ts": {"path":"/home/jingyuan/Workspace/voice/backend/src/config/index.ts","statementMap":{"0":{"start":{"line":1,"column":0},"end":{"line":1,"column":24}},"1":{"start":{"line":2,"column":0},"end":{"line":2,"column":20}},"2":{"start":{"line":5,"column":16},"end":{"line":5,"column":50}},"3":{"start":{"line":6,"column":0},"end":{"line":19,"column":1}},"4":{"start":{"line":7,"column":16},"end":{"line":7,"column":60}},"5":{"start":{"line":8,"column":2},"end":{"line":18,"column":3}},"6":{"start":{"line":9,"column":20},"end":{"line":9,"column":31}},"7":{"start":{"line":10,"column":4},"end":{"line":17,"column":5}},"8":{"start":{"line":11,"column":18},"end":{"line":11,"column":38}},"9":{"start":{"line":12,"column":6},"end":{"line":16,"column":7}},"10":{"start":{"line":13,"column":20},"end":{"line":13,"column":48}},"11":{"start":{"line":14,"column":20},"end":{"line":14,"column":49}},"12":{"start":{"line":15,"column":8},"end":{"line":15,"column":54}},"13":{"start":{"line":15,"column":31},"end":{"line":15,"column":54}},"14":{"start":{"line":21,"column":13},"end":{"line":26,"column":2}}},"fnMap":{},"branchMap":{"0":{"loc":{"start":{"line":6,"column":0},"end":{"line":19,"column":1}},"type":"if","locations":[{"start":{"line":6,"column":0},"end":{"line":19,"column":1}}]},"1":{"loc":{"start":{"line":10,"column":4},"end":{"line":17,"column":5}},"type":"if","locations":[{"start":{"line":10,"column":4},"end":{"line":17,"column":5}}]},"2":{"loc":{"start":{"line":10,"column":8},"end":{"line":10,"column":43}},"type":"binary-expr","locations":[{"start":{"line":10,"column":8},"end":{"line":10,"column":15}},{"start":{"line":10,"column":19},"end":{"line":10,"column":43}}]},"3":{"loc":{"start":{"line":12,"column":6},"end":{"line":16,"column":7}},"type":"if","locations":[{"start":{"line":12,"column":6},"end":{"line":16,"column":7}}]},"4":{"loc":{"start":{"line":15,"column":8},"end":{"line":15,"column":54}},"type":"if","locations":[{"start":{"line":15,"column":8},"end":{"line":15,"column":54}}]},"5":{"loc":{"start":{"line":22,"column":17},"end":{"line":22,"column":46}},"type":"binary-expr","locations":[{"start":{"line":22,"column":17},"end":{"line":22,"column":36}},{"start":{"line":22,"column":40},"end":{"line":22,"column":46}}]},"6":{"loc":{"start":{"line":23,"column":13},"end":{"line":23,"column":61}},"type":"binary-expr","locations":[{"start":{"line":23,"column":13},"end":{"line":23,"column":38}},{"start":{"line":23,"column":42},"end":{"line":23,"column":61}}]},"7":{"loc":{"start":{"line":24,"column":14},"end":{"line":24,"column":46}},"type":"binary-expr","locations":[{"start":{"line":24,"column":14},"end":{"line":24,"column":40}},{"start":{"line":24,"column":44},"end":{"line":24,"column":46}}]},"8":{"loc":{"start":{"line":25,"column":14},"end":{"line":25,"column":67}},"type":"binary-expr","locations":[{"start":{"line":25,"column":14},"end":{"line":25,"column":40}},{"start":{"line":25,"column":44},"end":{"line":25,"column":67}}]}},"s":{"0":5,"1":5,"2":5,"3":5,"4":5,"5":5,"6":24,"7":24,"8":17,"9":17,"10":16,"11":16,"12":16,"13":11,"14":5},"f":{},"b":{"0":[5],"1":[17],"2":[24,18],"3":[16],"4":[11],"5":[5,0],"6":[5,1],"7":[5,2],"8":[5,2]}}
,"/home/jingyuan/Workspace/voice/backend/src/controllers/audio.controller.ts": {"path":"/home/jingyuan/Workspace/voice/backend/src/controllers/audio.controller.ts","statementMap":{"0":{"start":{"line":23,"column":0},"end":{"line":23,"column":7}},"1":{"start":{"line":46,"column":0},"end":{"line":46,"column":7}},"2":{"start":{"line":64,"column":0},"end":{"line":64,"column":7}},"3":{"start":{"line":79,"column":0},"end":{"line":79,"column":7}},"4":{"start":{"line":94,"column":0},"end":{"line":94,"column":7}},"5":{"start":{"line":112,"column":0},"end":{"line":112,"column":7}},"6":{"start":{"line":128,"column":0},"end":{"line":128,"column":7}},"7":{"start":{"line":143,"column":0},"end":{"line":143,"column":7}},"8":{"start":{"line":194,"column":0},"end":{"line":194,"column":16}},"9":{"start":{"line":222,"column":0},"end":{"line":222,"column":16}},"10":{"start":{"line":235,"column":0},"end":{"line":235,"column":7}},"11":{"start":{"line":241,"column":0},"end":{"line":241,"column":7}},"12":{"start":{"line":262,"column":0},"end":{"line":262,"column":7}},"13":{"start":{"line":267,"column":0},"end":{"line":267,"column":16}},"14":{"start":{"line":2,"column":0},"end":{"line":2,"column":24}},"15":{"start":{"line":3,"column":0},"end":{"line":3,"column":20}},"16":{"start":{"line":4,"column":0},"end":{"line":4,"column":36}},"17":{"start":{"line":5,"column":0},"end":{"line":5,"column":60}},"18":{"start":{"line":6,"column":0},"end":{"line":6,"column":62}},"19":{"start":{"line":7,"column":0},"end":{"line":7,"column":64}},"20":{"start":{"line":13,"column":19},"end":{"line":13,"column":73}},"21":{"start":{"line":16,"column":2},"end":{"line":16,"column":68}},"22":{"start":{"line":20,"column":2},"end":{"line":20,"column":39}},"23":{"start":{"line":24,"column":2},"end":{"line":43,"column":3}},"24":{"start":{"line":25,"column":4},"end":{"line":28,"column":5}},"25":{"start":{"line":26,"column":6},"end":{"line":26,"column":75}},"26":{"start":{"line":27,"column":6},"end":{"line":27,"column":13}},"27":{"start":{"line":29,"column":19},"end":{"line":29,"column":51}},"28":{"start":{"line":30,"column":19},"end":{"line":30,"column":32}},"29":{"start":{"line":31,"column":16},"end":{"line":31,"column":59}},"30":{"start":{"line":33,"column":4},"end":{"line":37,"column":5}},"31":{"start":{"line":34,"column":20},"end":{"line":34,"column":64}},"32":{"start":{"line":35,"column":6},"end":{"line":35,"column":34}},"33":{"start":{"line":36,"column":6},"end":{"line":36,"column":58}},"34":{"start":{"line":39,"column":4},"end":{"line":39,"column":73}},"35":{"start":{"line":40,"column":4},"end":{"line":40,"column":72}},"36":{"start":{"line":42,"column":4},"end":{"line":42,"column":14}},"37":{"start":{"line":47,"column":2},"end":{"line":61,"column":3}},"38":{"start":{"line":48,"column":19},"end":{"line":48,"column":39}},"39":{"start":{"line":49,"column":14},"end":{"line":49,"column":21}},"40":{"start":{"line":50,"column":23},"end":{"line":50,"column":62}},"41":{"start":{"line":51,"column":18},"end":{"line":51,"column":65}},"42":{"start":{"line":52,"column":16},"end":{"line":52,"column":59}},"43":{"start":{"line":54,"column":21},"end":{"line":54,"column":55}},"44":{"start":{"line":55,"column":4},"end":{"line":55,"column":105}},"45":{"start":{"line":55,"column":21},"end":{"line":55,"column":95}},"46":{"start":{"line":55,"column":96},"end":{"line":55,"column":103}},"47":{"start":{"line":57,"column":17},"end":{"line":57,"column":83}},"48":{"start":{"line":58,"column":4},"end":{"line":58,"column":34}},"49":{"start":{"line":60,"column":4},"end":{"line":60,"column":14}},"50":{"start":{"line":65,"column":2},"end":{"line":76,"column":3}},"51":{"start":{"line":66,"column":35},"end":{"line":66,"column":57}},"52":{"start":{"line":67,"column":21},"end":{"line":67,"column":55}},"53":{"start":{"line":68,"column":4},"end":{"line":68,"column":105}},"54":{"start":{"line":68,"column":21},"end":{"line":68,"column":95}},"55":{"start":{"line":68,"column":96},"end":{"line":68,"column":103}},"56":{"start":{"line":70,"column":19},"end":{"line":70,"column":64}},"57":{"start":{"line":71,"column":18},"end":{"line":71,"column":65}},"58":{"start":{"line":72,"column":4},"end":{"line":72,"column":65}},"59":{"start":{"line":73,"column":4},"end":{"line":73,"column":73}},"60":{"start":{"line":75,"column":4},"end":{"line":75,"column":14}},"61":{"start":{"line":80,"column":2},"end":{"line":91,"column":3}},"62":{"start":{"line":81,"column":61},"end":{"line":81,"column":84}},"63":{"start":{"line":82,"column":21},"end":{"line":82,"column":55}},"64":{"start":{"line":83,"column":4},"end":{"line":83,"column":105}},"65":{"start":{"line":83,"column":21},"end":{"line":83,"column":95}},"66":{"start":{"line":83,"column":96},"end":{"line":83,"column":103}},"67":{"start":{"line":85,"column":19},"end":{"line":85,"column":91}},"68":{"start":{"line":86,"column":18},"end":{"line":86,"column":65}},"69":{"start":{"line":87,"column":4},"end":{"line":87,"column":65}},"70":{"start":{"line":88,"column":4},"end":{"line":88,"column":73}},"71":{"start":{"line":90,"column":4},"end":{"line":90,"column":14}},"72":{"start":{"line":95,"column":2},"end":{"line":109,"column":3}},"73":{"start":{"line":96,"column":47},"end":{"line":96,"column":71}},"74":{"start":{"line":97,"column":32},"end":{"line":97,"column":34}},"75":{"start":{"line":98,"column":4},"end":{"line":102,"column":5}},"76":{"start":{"line":99,"column":16},"end":{"line":99,"column":46}},"77":{"start":{"line":100,"column":6},"end":{"line":100,"column":107}},"78":{"start":{"line":100,"column":16},"end":{"line":100,"column":97}},"79":{"start":{"line":100,"column":98},"end":{"line":100,"column":105}},"80":{"start":{"line":101,"column":6},"end":{"line":101,"column":24}},"81":{"start":{"line":103,"column":19},"end":{"line":103,"column":74}},"82":{"start":{"line":104,"column":18},"end":{"line":104,"column":65}},"83":{"start":{"line":105,"column":4},"end":{"line":105,"column":65}},"84":{"start":{"line":106,"column":4},"end":{"line":106,"column":73}},"85":{"start":{"line":108,"column":4},"end":{"line":108,"column":14}},"86":{"start":{"line":113,"column":2},"end":{"line":125,"column":3}},"87":{"start":{"line":114,"column":74},"end":{"line":114,"column":97}},"88":{"start":{"line":115,"column":21},"end":{"line":115,"column":55}},"89":{"start":{"line":116,"column":4},"end":{"line":116,"column":105}},"90":{"start":{"line":116,"column":21},"end":{"line":116,"column":95}},"91":{"start":{"line":116,"column":96},"end":{"line":116,"column":103}},"92":{"start":{"line":118,"column":18},"end":{"line":118,"column":61}},"93":{"start":{"line":119,"column":19},"end":{"line":119,"column":116}},"94":{"start":{"line":120,"column":18},"end":{"line":120,"column":65}},"95":{"start":{"line":121,"column":4},"end":{"line":121,"column":65}},"96":{"start":{"line":122,"column":4},"end":{"line":122,"column":73}},"97":{"start":{"line":124,"column":4},"end":{"line":124,"column":14}},"98":{"start":{"line":129,"column":2},"end":{"line":140,"column":3}},"99":{"start":{"line":130,"column":57},"end":{"line":130,"column":85}},"100":{"start":{"line":131,"column":21},"end":{"line":131,"column":55}},"101":{"start":{"line":132,"column":4},"end":{"line":132,"column":105}},"102":{"start":{"line":132,"column":21},"end":{"line":132,"column":95}},"103":{"start":{"line":132,"column":96},"end":{"line":132,"column":103}},"104":{"start":{"line":134,"column":19},"end":{"line":134,"column":92}},"105":{"start":{"line":135,"column":18},"end":{"line":135,"column":65}},"106":{"start":{"line":136,"column":4},"end":{"line":136,"column":65}},"107":{"start":{"line":137,"column":4},"end":{"line":137,"column":73}},"108":{"start":{"line":139,"column":4},"end":{"line":139,"column":14}},"109":{"start":{"line":144,"column":2},"end":{"line":191,"column":3}},"110":{"start":{"line":145,"column":33},"end":{"line":145,"column":58}},"111":{"start":{"line":147,"column":4},"end":{"line":152,"column":5}},"112":{"start":{"line":148,"column":6},"end":{"line":151,"column":7}},"113":{"start":{"line":149,"column":8},"end":{"line":149,"column":97}},"114":{"start":{"line":150,"column":8},"end":{"line":150,"column":15}},"115":{"start":{"line":154,"column":18},"end":{"line":154,"column":26}},"116":{"start":{"line":155,"column":53},"end":{"line":157,"column":6}},"117":{"start":{"line":158,"column":4},"end":{"line":158,"column":31}},"118":{"start":{"line":159,"column":4},"end":{"line":159,"column":36}},"119":{"start":{"line":161,"column":21},"end":{"line":165,"column":7}},"120":{"start":{"line":161,"column":42},"end":{"line":165,"column":6}},"121":{"start":{"line":166,"column":16},"end":{"line":166,"column":76}},"122":{"start":{"line":167,"column":23},"end":{"line":167,"column":80}},"123":{"start":{"line":168,"column":4},"end":{"line":168,"column":30}},"124":{"start":{"line":170,"column":4},"end":{"line":188,"column":7}},"125":{"start":{"line":171,"column":6},"end":{"line":171,"column":25}},"126":{"start":{"line":172,"column":6},"end":{"line":172,"column":34}},"127":{"start":{"line":174,"column":6},"end":{"line":174,"column":26}},"128":{"start":{"line":175,"column":6},"end":{"line":175,"column":25}},"129":{"start":{"line":176,"column":6},"end":{"line":176,"column":34}},"130":{"start":{"line":177,"column":6},"end":{"line":177,"column":34}},"131":{"start":{"line":178,"column":6},"end":{"line":178,"column":24}},"132":{"start":{"line":179,"column":6},"end":{"line":182,"column":25}},"133":{"start":{"line":180,"column":8},"end":{"line":180,"column":33}},"134":{"start":{"line":181,"column":8},"end":{"line":181,"column":61}},"135":{"start":{"line":181,"column":14},"end":{"line":181,"column":40}},"136":{"start":{"line":184,"column":6},"end":{"line":184,"column":27}},"137":{"start":{"line":185,"column":6},"end":{"line":185,"column":30}},"138":{"start":{"line":186,"column":6},"end":{"line":186,"column":33}},"139":{"start":{"line":187,"column":6},"end":{"line":187,"column":24}},"140":{"start":{"line":190,"column":4},"end":{"line":190,"column":14}},"141":{"start":{"line":195,"column":16},"end":{"line":195,"column":35}},"142":{"start":{"line":196,"column":14},"end":{"line":196,"column":35}},"143":{"start":{"line":198,"column":2},"end":{"line":201,"column":3}},"144":{"start":{"line":199,"column":4},"end":{"line":199,"column":76}},"145":{"start":{"line":200,"column":4},"end":{"line":200,"column":11}},"146":{"start":{"line":203,"column":2},"end":{"line":203,"column":53}},"147":{"start":{"line":204,"column":2},"end":{"line":204,"column":45}},"148":{"start":{"line":205,"column":2},"end":{"line":205,"column":44}},"149":{"start":{"line":206,"column":2},"end":{"line":206,"column":21}},"150":{"start":{"line":208,"column":2},"end":{"line":208,"column":91}},"151":{"start":{"line":210,"column":2},"end":{"line":213,"column":3}},"152":{"start":{"line":211,"column":4},"end":{"line":211,"column":14}},"153":{"start":{"line":212,"column":4},"end":{"line":212,"column":11}},"154":{"start":{"line":215,"column":2},"end":{"line":215,"column":24}},"155":{"start":{"line":216,"column":2},"end":{"line":219,"column":5}},"156":{"start":{"line":217,"column":16},"end":{"line":217,"column":40}},"157":{"start":{"line":218,"column":4},"end":{"line":218,"column":47}},"158":{"start":{"line":218,"column":20},"end":{"line":218,"column":47}},"159":{"start":{"line":223,"column":16},"end":{"line":223,"column":35}},"160":{"start":{"line":224,"column":14},"end":{"line":224,"column":35}},"161":{"start":{"line":226,"column":2},"end":{"line":229,"column":3}},"162":{"start":{"line":227,"column":4},"end":{"line":227,"column":75}},"163":{"start":{"line":228,"column":4},"end":{"line":228,"column":11}},"164":{"start":{"line":231,"column":19},"end":{"line":231,"column":56}},"165":{"start":{"line":232,"column":2},"end":{"line":232,"column":41}},"166":{"start":{"line":236,"column":19},"end":{"line":236,"column":67}},"167":{"start":{"line":237,"column":2},"end":{"line":237,"column":103}},"168":{"start":{"line":237,"column":19},"end":{"line":237,"column":93}},"169":{"start":{"line":237,"column":94},"end":{"line":237,"column":101}},"170":{"start":{"line":238,"column":2},"end":{"line":238,"column":39}},"171":{"start":{"line":242,"column":2},"end":{"line":259,"column":3}},"172":{"start":{"line":243,"column":14},"end":{"line":243,"column":21}},"173":{"start":{"line":244,"column":19},"end":{"line":244,"column":39}},"174":{"start":{"line":245,"column":18},"end":{"line":245,"column":47}},"175":{"start":{"line":246,"column":21},"end":{"line":246,"column":54}},"176":{"start":{"line":248,"column":21},"end":{"line":248,"column":55}},"177":{"start":{"line":249,"column":4},"end":{"line":249,"column":105}},"178":{"start":{"line":249,"column":21},"end":{"line":249,"column":95}},"179":{"start":{"line":249,"column":96},"end":{"line":249,"column":103}},"180":{"start":{"line":251,"column":19},"end":{"line":251,"column":77}},"181":{"start":{"line":252,"column":18},"end":{"line":252,"column":65}},"182":{"start":{"line":253,"column":4},"end":{"line":253,"column":65}},"183":{"start":{"line":254,"column":4},"end":{"line":256,"column":7}},"184":{"start":{"line":255,"column":6},"end":{"line":255,"column":39}},"185":{"start":{"line":258,"column":4},"end":{"line":258,"column":14}},"186":{"start":{"line":263,"column":2},"end":{"line":263,"column":50}},"187":{"start":{"line":264,"column":2},"end":{"line":264,"column":25}},"188":{"start":{"line":268,"column":2},"end":{"line":268,"column":35}},"189":{"start":{"line":269,"column":2},"end":{"line":269,"column":25}},"190":{"start":{"line":273,"column":15},"end":{"line":273,"column":83}},"191":{"start":{"line":274,"column":2},"end":{"line":276,"column":3}},"192":{"start":{"line":275,"column":4},"end":{"line":275,"column":60}},"193":{"start":{"line":275,"column":10},"end":{"line":275,"column":29}},"194":{"start":{"line":280,"column":2},"end":{"line":282,"column":3}},"195":{"start":{"line":281,"column":4},"end":{"line":281,"column":44}},"196":{"start":{"line":281,"column":10},"end":{"line":281,"column":23}},"197":{"start":{"line":283,"column":2},"end":{"line":283,"column":19}}},"fnMap":{"0":{"name":"qs","decl":{"start":{"line":15,"column":9},"end":{"line":15,"column":11}},"loc":{"start":{"line":15,"column":24},"end":{"line":17,"column":1}}},"1":{"name":"param","decl":{"start":{"line":19,"column":9},"end":{"line":19,"column":14}},"loc":{"start":{"line":19,"column":40},"end":{"line":21,"column":1}}},"2":{"name":"importAudio","decl":{"start":{"line":23,"column":22},"end":{"line":23,"column":33}},"loc":{"start":{"line":23,"column":81},"end":{"line":44,"column":1}}},"3":{"name":"getPeaks","decl":{"start":{"line":46,"column":22},"end":{"line":46,"column":30}},"loc":{"start":{"line":46,"column":78},"end":{"line":62,"column":1}}},"4":{"name":"cutAudio","decl":{"start":{"line":64,"column":22},"end":{"line":64,"column":30}},"loc":{"start":{"line":64,"column":78},"end":{"line":77,"column":1}}},"5":{"name":"trimAudio","decl":{"start":{"line":79,"column":22},"end":{"line":79,"column":31}},"loc":{"start":{"line":79,"column":79},"end":{"line":92,"column":1}}},"6":{"name":"mergeAudio","decl":{"start":{"line":94,"column":22},"end":{"line":94,"column":32}},"loc":{"start":{"line":94,"column":80},"end":{"line":110,"column":1}}},"7":{"name":"fadeAudio","decl":{"start":{"line":112,"column":22},"end":{"line":112,"column":31}},"loc":{"start":{"line":112,"column":79},"end":{"line":126,"column":1}}},"8":{"name":"noiseGateAudio","decl":{"start":{"line":128,"column":22},"end":{"line":128,"column":36}},"loc":{"start":{"line":128,"column":84},"end":{"line":141,"column":1}}},"9":{"name":"startExport","decl":{"start":{"line":143,"column":22},"end":{"line":143,"column":33}},"loc":{"start":{"line":143,"column":81},"end":{"line":192,"column":1}}},"10":{"name":"(anonymous_20)","decl":{"start":{"line":161,"column":34},"end":{"line":161,"column":37}},"loc":{"start":{"line":161,"column":42},"end":{"line":165,"column":6}}},"11":{"name":"(anonymous_21)","decl":{"start":{"line":170,"column":58},"end":{"line":170,"column":59}},"loc":{"start":{"line":170,"column":66},"end":{"line":173,"column":5}}},"12":{"name":"(anonymous_22)","decl":{"start":{"line":173,"column":12},"end":{"line":173,"column":15}},"loc":{"start":{"line":173,"column":17},"end":{"line":183,"column":5}}},"13":{"name":"(anonymous_23)","decl":{"start":{"line":179,"column":17},"end":{"line":179,"column":20}},"loc":{"start":{"line":179,"column":22},"end":{"line":182,"column":7}}},"14":{"name":"(anonymous_24)","decl":{"start":{"line":183,"column":13},"end":{"line":183,"column":14}},"loc":{"start":{"line":183,"column":28},"end":{"line":188,"column":5}}},"15":{"name":"exportProgress","decl":{"start":{"line":194,"column":16},"end":{"line":194,"column":30}},"loc":{"start":{"line":194,"column":58},"end":{"line":220,"column":1}}},"16":{"name":"(anonymous_26)","decl":{"start":{"line":216,"column":18},"end":{"line":216,"column":21}},"loc":{"start":{"line":216,"column":23},"end":{"line":219,"column":3}}},"17":{"name":"downloadExport","decl":{"start":{"line":222,"column":16},"end":{"line":222,"column":30}},"loc":{"start":{"line":222,"column":58},"end":{"line":233,"column":1}}},"18":{"name":"serveRawFile","decl":{"start":{"line":235,"column":22},"end":{"line":235,"column":34}},"loc":{"start":{"line":235,"column":62},"end":{"line":239,"column":1}}},"19":{"name":"serveSegment","decl":{"start":{"line":241,"column":22},"end":{"line":241,"column":34}},"loc":{"start":{"line":241,"column":82},"end":{"line":260,"column":1}}},"20":{"name":"(anonymous_30)","decl":{"start":{"line":254,"column":50},"end":{"line":254,"column":53}},"loc":{"start":{"line":254,"column":55},"end":{"line":256,"column":5}}},"21":{"name":"deleteFileHandler","decl":{"start":{"line":262,"column":22},"end":{"line":262,"column":39}},"loc":{"start":{"line":262,"column":67},"end":{"line":265,"column":1}}},"22":{"name":"sessionCleanup","decl":{"start":{"line":267,"column":16},"end":{"line":267,"column":30}},"loc":{"start":{"line":267,"column":59},"end":{"line":270,"column":1}}},"23":{"name":"broadcastProgress","decl":{"start":{"line":272,"column":9},"end":{"line":272,"column":26}},"loc":{"start":{"line":272,"column":80},"end":{"line":277,"column":1}}},"24":{"name":"closeClients","decl":{"start":{"line":279,"column":9},"end":{"line":279,"column":21}},"loc":{"start":{"line":279,"column":62},"end":{"line":284,"column":1}}}},"branchMap":{"0":{"loc":{"start":{"line":20,"column":16},"end":{"line":20,"column":37}},"type":"binary-expr","locations":[{"start":{"line":20,"column":16},"end":{"line":20,"column":31}},{"start":{"line":20,"column":35},"end":{"line":20,"column":37}}]},"1":{"loc":{"start":{"line":25,"column":4},"end":{"line":28,"column":5}},"type":"if","locations":[{"start":{"line":25,"column":4},"end":{"line":28,"column":5}}]},"2":{"loc":{"start":{"line":33,"column":4},"end":{"line":37,"column":5}},"type":"if","locations":[{"start":{"line":33,"column":4},"end":{"line":37,"column":5}}]},"3":{"loc":{"start":{"line":33,"column":8},"end":{"line":33,"column":66}},"type":"binary-expr","locations":[{"start":{"line":33,"column":8},"end":{"line":33,"column":30}},{"start":{"line":33,"column":34},"end":{"line":33,"column":66}}]},"4":{"loc":{"start":{"line":50,"column":32},"end":{"line":50,"column":57}},"type":"binary-expr","locations":[{"start":{"line":50,"column":32},"end":{"line":50,"column":47}},{"start":{"line":50,"column":51},"end":{"line":50,"column":57}}]},"5":{"loc":{"start":{"line":51,"column":18},"end":{"line":51,"column":65}},"type":"cond-expr","locations":[{"start":{"line":51,"column":31},"end":{"line":51,"column":53}},{"start":{"line":51,"column":56},"end":{"line":51,"column":65}}]},"6":{"loc":{"start":{"line":52,"column":16},"end":{"line":52,"column":59}},"type":"cond-expr","locations":[{"start":{"line":52,"column":27},"end":{"line":52,"column":47}},{"start":{"line":52,"column":50},"end":{"line":52,"column":59}}]},"7":{"loc":{"start":{"line":55,"column":4},"end":{"line":55,"column":105}},"type":"if","locations":[{"start":{"line":55,"column":4},"end":{"line":55,"column":105}}]},"8":{"loc":{"start":{"line":68,"column":4},"end":{"line":68,"column":105}},"type":"if","locations":[{"start":{"line":68,"column":4},"end":{"line":68,"column":105}}]},"9":{"loc":{"start":{"line":83,"column":4},"end":{"line":83,"column":105}},"type":"if","locations":[{"start":{"line":83,"column":4},"end":{"line":83,"column":105}}]},"10":{"loc":{"start":{"line":96,"column":21},"end":{"line":96,"column":42}},"type":"default-arg","locations":[{"start":{"line":96,"column":41},"end":{"line":96,"column":42}}]},"11":{"loc":{"start":{"line":100,"column":6},"end":{"line":100,"column":107}},"type":"if","locations":[{"start":{"line":100,"column":6},"end":{"line":100,"column":107}}]},"12":{"loc":{"start":{"line":114,"column":53},"end":{"line":114,"column":69}},"type":"default-arg","locations":[{"start":{"line":114,"column":61},"end":{"line":114,"column":69}}]},"13":{"loc":{"start":{"line":116,"column":4},"end":{"line":116,"column":105}},"type":"if","locations":[{"start":{"line":116,"column":4},"end":{"line":116,"column":105}}]},"14":{"loc":{"start":{"line":132,"column":4},"end":{"line":132,"column":105}},"type":"if","locations":[{"start":{"line":132,"column":4},"end":{"line":132,"column":105}}]},"15":{"loc":{"start":{"line":148,"column":6},"end":{"line":151,"column":7}},"type":"if","locations":[{"start":{"line":148,"column":6},"end":{"line":151,"column":7}}]},"16":{"loc":{"start":{"line":166,"column":16},"end":{"line":166,"column":76}},"type":"cond-expr","locations":[{"start":{"line":166,"column":35},"end":{"line":166,"column":40}},{"start":{"line":166,"column":43},"end":{"line":166,"column":76}}]},"17":{"loc":{"start":{"line":166,"column":43},"end":{"line":166,"column":76}},"type":"cond-expr","locations":[{"start":{"line":166,"column":62},"end":{"line":166,"column":67}},{"start":{"line":166,"column":70},"end":{"line":166,"column":76}}]},"18":{"loc":{"start":{"line":198,"column":2},"end":{"line":201,"column":3}},"type":"if","locations":[{"start":{"line":198,"column":2},"end":{"line":201,"column":3}}]},"19":{"loc":{"start":{"line":210,"column":2},"end":{"line":213,"column":3}},"type":"if","locations":[{"start":{"line":210,"column":2},"end":{"line":213,"column":3}}]},"20":{"loc":{"start":{"line":210,"column":6},"end":{"line":210,"column":53}},"type":"binary-expr","locations":[{"start":{"line":210,"column":6},"end":{"line":210,"column":27}},{"start":{"line":210,"column":31},"end":{"line":210,"column":53}}]},"21":{"loc":{"start":{"line":218,"column":4},"end":{"line":218,"column":47}},"type":"if","locations":[{"start":{"line":218,"column":4},"end":{"line":218,"column":47}}]},"22":{"loc":{"start":{"line":226,"column":2},"end":{"line":229,"column":3}},"type":"if","locations":[{"start":{"line":226,"column":2},"end":{"line":229,"column":3}}]},"23":{"loc":{"start":{"line":226,"column":6},"end":{"line":226,"column":54}},"type":"binary-expr","locations":[{"start":{"line":226,"column":6},"end":{"line":226,"column":10}},{"start":{"line":226,"column":14},"end":{"line":226,"column":35}},{"start":{"line":226,"column":39},"end":{"line":226,"column":54}}]},"24":{"loc":{"start":{"line":231,"column":35},"end":{"line":231,"column":54}},"type":"binary-expr","locations":[{"start":{"line":231,"column":35},"end":{"line":231,"column":45}},{"start":{"line":231,"column":49},"end":{"line":231,"column":54}}]},"25":{"loc":{"start":{"line":237,"column":2},"end":{"line":237,"column":103}},"type":"if","locations":[{"start":{"line":237,"column":2},"end":{"line":237,"column":103}}]},"26":{"loc":{"start":{"line":245,"column":29},"end":{"line":245,"column":46}},"type":"binary-expr","locations":[{"start":{"line":245,"column":29},"end":{"line":245,"column":39}},{"start":{"line":245,"column":43},"end":{"line":245,"column":46}}]},"27":{"loc":{"start":{"line":246,"column":32},"end":{"line":246,"column":53}},"type":"binary-expr","locations":[{"start":{"line":246,"column":32},"end":{"line":246,"column":45}},{"start":{"line":246,"column":49},"end":{"line":246,"column":53}}]},"28":{"loc":{"start":{"line":249,"column":4},"end":{"line":249,"column":105}},"type":"if","locations":[{"start":{"line":249,"column":4},"end":{"line":249,"column":105}}]}},"s":{"0":1,"1":1,"2":1,"3":1,"4":1,"5":1,"6":1,"7":1,"8":1,"9":1,"10":1,"11":1,"12":1,"13":1,"14":1,"15":1,"16":1,"17":1,"18":1,"19":1,"20":1,"21":7,"22":21,"23":6,"24":6,"25":1,"26":1,"27":5,"28":5,"29":5,"30":4,"31":2,"32":2,"33":2,"34":4,"35":4,"36":1,"37":4,"38":4,"39":4,"40":4,"41":4,"42":4,"43":4,"44":4,"45":1,"46":1,"47":3,"48":2,"49":1,"50":3,"51":3,"52":3,"53":3,"54":1,"55":1,"56":2,"57":1,"58":1,"59":1,"60":1,"61":3,"62":3,"63":3,"64":3,"65":1,"66":1,"67":2,"68":1,"69":1,"70":1,"71":1,"72":3,"73":3,"74":3,"75":3,"76":6,"77":6,"78":1,"79":1,"80":5,"81":2,"82":1,"83":1,"84":1,"85":1,"86":3,"87":3,"88":3,"89":3,"90":1,"91":1,"92":2,"93":2,"94":1,"95":1,"96":1,"97":1,"98":3,"99":3,"100":3,"101":3,"102":1,"103":1,"104":2,"105":1,"106":1,"107":1,"108":1,"109":13,"110":13,"111":13,"112":13,"113":1,"114":1,"115":11,"116":11,"117":11,"118":11,"119":11,"120":11,"121":11,"122":11,"123":11,"124":11,"125":1,"126":1,"127":10,"128":10,"129":10,"130":10,"131":10,"132":10,"133":1,"134":1,"135":1,"136":1,"137":1,"138":1,"139":1,"140":1,"141":7,"142":7,"143":7,"144":1,"145":1,"146":6,"147":6,"148":6,"149":6,"150":6,"151":6,"152":2,"153":2,"154":4,"155":4,"156":2,"157":2,"158":1,"159":4,"160":4,"161":4,"162":2,"163":2,"164":2,"165":2,"166":2,"167":2,"168":1,"169":1,"170":1,"171":3,"172":3,"173":3,"174":3,"175":3,"176":3,"177":3,"178":1,"179":1,"180":2,"181":1,"182":1,"183":1,"184":1,"185":1,"186":1,"187":1,"188":1,"189":1,"190":12,"191":12,"192":4,"193":4,"194":11,"195":3,"196":3,"197":11},"f":{"0":7,"1":21,"2":6,"3":4,"4":3,"5":3,"6":3,"7":3,"8":3,"9":13,"10":11,"11":1,"12":10,"13":1,"14":1,"15":7,"16":2,"17":4,"18":2,"19":3,"20":1,"21":1,"22":1,"23":12,"24":11},"b":{"0":[21,0],"1":[1],"2":[2],"3":[4,2],"4":[4,2],"5":[1,3],"6":[1,3],"7":[1],"8":[1],"9":[1],"10":[1],"11":[1],"12":[2],"13":[1],"14":[1],"15":[1],"16":[0,11],"17":[1,10],"18":[1],"19":[2],"20":[6,5],"21":[1],"22":[2],"23":[4,2,2],"24":[2,1],"25":[1],"26":[3,1],"27":[3,1],"28":[1]}}
,"/home/jingyuan/Workspace/voice/backend/src/controllers/health.controller.ts": {"path":"/home/jingyuan/Workspace/voice/backend/src/controllers/health.controller.ts","statementMap":{"0":{"start":{"line":13,"column":0},"end":{"line":13,"column":16}},"1":{"start":{"line":2,"column":0},"end":{"line":2,"column":41}},"2":{"start":{"line":5,"column":2},"end":{"line":10,"column":3}},"3":{"start":{"line":6,"column":4},"end":{"line":6,"column":53}},"4":{"start":{"line":7,"column":4},"end":{"line":7,"column":16}},"5":{"start":{"line":9,"column":4},"end":{"line":9,"column":17}},"6":{"start":{"line":14,"column":2},"end":{"line":14,"column":67}}},"fnMap":{"0":{"name":"isFfmpegAvailable","decl":{"start":{"line":4,"column":9},"end":{"line":4,"column":26}},"loc":{"start":{"line":4,"column":26},"end":{"line":11,"column":1}}},"1":{"name":"health","decl":{"start":{"line":13,"column":16},"end":{"line":13,"column":22}},"loc":{"start":{"line":13,"column":51},"end":{"line":15,"column":1}}}},"branchMap":{},"s":{"0":3,"1":3,"2":3,"3":3,"4":2,"5":1,"6":3},"f":{"0":3,"1":3},"b":{}}
,"/home/jingyuan/Workspace/voice/backend/src/middleware/cors.middleware.ts": {"path":"/home/jingyuan/Workspace/voice/backend/src/middleware/cors.middleware.ts","statementMap":{"0":{"start":{"line":1,"column":0},"end":{"line":1,"column":24}},"1":{"start":{"line":2,"column":0},"end":{"line":2,"column":35}},"2":{"start":{"line":4,"column":13},"end":{"line":8,"column":3}}},"fnMap":{},"branchMap":{},"s":{"0":2,"1":2,"2":2},"f":{},"b":{}}
,"/home/jingyuan/Workspace/voice/backend/src/middleware/error.middleware.ts": {"path":"/home/jingyuan/Workspace/voice/backend/src/middleware/error.middleware.ts","statementMap":{"0":{"start":{"line":4,"column":0},"end":{"line":4,"column":16}},"1":{"start":{"line":2,"column":0},"end":{"line":2,"column":28}},"2":{"start":{"line":5,"column":2},"end":{"line":5,"column":40}},"3":{"start":{"line":7,"column":2},"end":{"line":10,"column":3}},"4":{"start":{"line":8,"column":4},"end":{"line":8,"column":88}},"5":{"start":{"line":9,"column":4},"end":{"line":9,"column":11}},"6":{"start":{"line":12,"column":2},"end":{"line":15,"column":3}},"7":{"start":{"line":13,"column":4},"end":{"line":13,"column":77}},"8":{"start":{"line":14,"column":4},"end":{"line":14,"column":11}},"9":{"start":{"line":17,"column":2},"end":{"line":17,"column":98}}},"fnMap":{"0":{"name":"errorMiddleware","decl":{"start":{"line":4,"column":16},"end":{"line":4,"column":31}},"loc":{"start":{"line":4,"column":93},"end":{"line":18,"column":1}}}},"branchMap":{"0":{"loc":{"start":{"line":7,"column":2},"end":{"line":10,"column":3}},"type":"if","locations":[{"start":{"line":7,"column":2},"end":{"line":10,"column":3}}]},"1":{"loc":{"start":{"line":7,"column":6},"end":{"line":7,"column":73}},"type":"binary-expr","locations":[{"start":{"line":7,"column":6},"end":{"line":7,"column":39}},{"start":{"line":7,"column":43},"end":{"line":7,"column":73}}]},"2":{"loc":{"start":{"line":12,"column":2},"end":{"line":15,"column":3}},"type":"if","locations":[{"start":{"line":12,"column":2},"end":{"line":15,"column":3}}]},"3":{"loc":{"start":{"line":17,"column":32},"end":{"line":17,"column":70}},"type":"binary-expr","locations":[{"start":{"line":17,"column":32},"end":{"line":17,"column":43}},{"start":{"line":17,"column":47},"end":{"line":17,"column":70}}]}},"s":{"0":2,"1":2,"2":14,"3":14,"4":1,"5":1,"6":13,"7":2,"8":2,"9":11},"f":{"0":14},"b":{"0":[1],"1":[14,1],"2":[2],"3":[11,1]}}
,"/home/jingyuan/Workspace/voice/backend/src/middleware/upload.middleware.ts": {"path":"/home/jingyuan/Workspace/voice/backend/src/middleware/upload.middleware.ts","statementMap":{"0":{"start":{"line":44,"column":0},"end":{"line":44,"column":16}},"1":{"start":{"line":1,"column":0},"end":{"line":1,"column":28}},"2":{"start":{"line":2,"column":0},"end":{"line":2,"column":24}},"3":{"start":{"line":3,"column":0},"end":{"line":3,"column":36}},"4":{"start":{"line":4,"column":0},"end":{"line":4,"column":71}},"5":{"start":{"line":7,"column":17},"end":{"line":7,"column":34}},"6":{"start":{"line":9,"column":22},"end":{"line":18,"column":2}},"7":{"start":{"line":20,"column":21},"end":{"line":20,"column":96}},"8":{"start":{"line":22,"column":16},"end":{"line":31,"column":2}},"9":{"start":{"line":23,"column":36},"end":{"line":23,"column":58}},"10":{"start":{"line":25,"column":16},"end":{"line":25,"column":72}},"11":{"start":{"line":26,"column":19},"end":{"line":26,"column":27}},"12":{"start":{"line":27,"column":21},"end":{"line":27,"column":38}},"13":{"start":{"line":29,"column":4},"end":{"line":29,"column":23}},"14":{"start":{"line":34,"column":14},"end":{"line":34,"column":59}},"15":{"start":{"line":35,"column":2},"end":{"line":39,"column":3}},"16":{"start":{"line":36,"column":4},"end":{"line":36,"column":19}},"17":{"start":{"line":38,"column":4},"end":{"line":38,"column":61}},"18":{"start":{"line":42,"column":13},"end":{"line":42,"column":86}},"19":{"start":{"line":45,"column":2},"end":{"line":45,"column":57}}},"fnMap":{"0":{"name":"(anonymous_1)","decl":{"start":{"line":23,"column":15},"end":{"line":23,"column":16}},"loc":{"start":{"line":23,"column":36},"end":{"line":23,"column":58}}},"1":{"name":"(anonymous_2)","decl":{"start":{"line":24,"column":12},"end":{"line":24,"column":13}},"loc":{"start":{"line":24,"column":31},"end":{"line":30,"column":3}}},"2":{"name":"fileFilter","decl":{"start":{"line":33,"column":9},"end":{"line":33,"column":19}},"loc":{"start":{"line":33,"column":91},"end":{"line":40,"column":1}}},"3":{"name":"extractFileId","decl":{"start":{"line":44,"column":16},"end":{"line":44,"column":29}},"loc":{"start":{"line":44,"column":46},"end":{"line":46,"column":1}}}},"branchMap":{"0":{"loc":{"start":{"line":25,"column":16},"end":{"line":25,"column":72}},"type":"binary-expr","locations":[{"start":{"line":25,"column":16},"end":{"line":25,"column":61}},{"start":{"line":25,"column":65},"end":{"line":25,"column":72}}]},"1":{"loc":{"start":{"line":35,"column":2},"end":{"line":39,"column":3}},"type":"if","locations":[{"start":{"line":35,"column":2},"end":{"line":39,"column":3}},{"start":{"line":37,"column":9},"end":{"line":39,"column":3}}]},"2":{"loc":{"start":{"line":35,"column":6},"end":{"line":35,"column":63}},"type":"binary-expr","locations":[{"start":{"line":35,"column":6},"end":{"line":35,"column":38}},{"start":{"line":35,"column":42},"end":{"line":35,"column":63}}]}},"s":{"0":2,"1":2,"2":2,"3":2,"4":2,"5":2,"6":2,"7":2,"8":2,"9":5,"10":5,"11":5,"12":5,"13":5,"14":6,"15":6,"16":5,"17":1,"18":2,"19":14},"f":{"0":5,"1":5,"2":6,"3":14},"b":{"0":[5,1],"1":[5,1],"2":[6,1]}}
,"/home/jingyuan/Workspace/voice/backend/src/routes/audio.routes.ts": {"path":"/home/jingyuan/Workspace/voice/backend/src/routes/audio.routes.ts","statementMap":{"0":{"start":{"line":1,"column":0},"end":{"line":1,"column":33}},"1":{"start":{"line":2,"column":0},"end":{"line":2,"column":57}},"2":{"start":{"line":3,"column":0},"end":{"line":3,"column":56}},"3":{"start":{"line":5,"column":15},"end":{"line":5,"column":23}},"4":{"start":{"line":7,"column":0},"end":{"line":7,"column":64}},"5":{"start":{"line":8,"column":0},"end":{"line":8,"column":44}},"6":{"start":{"line":9,"column":0},"end":{"line":9,"column":51}},"7":{"start":{"line":10,"column":0},"end":{"line":10,"column":50}},"8":{"start":{"line":11,"column":0},"end":{"line":11,"column":35}},"9":{"start":{"line":12,"column":0},"end":{"line":12,"column":37}},"10":{"start":{"line":13,"column":0},"end":{"line":13,"column":39}},"11":{"start":{"line":14,"column":0},"end":{"line":14,"column":37}},"12":{"start":{"line":15,"column":0},"end":{"line":15,"column":48}},"13":{"start":{"line":16,"column":0},"end":{"line":16,"column":41}},"14":{"start":{"line":17,"column":0},"end":{"line":17,"column":59}},"15":{"start":{"line":18,"column":0},"end":{"line":18,"column":59}},"16":{"start":{"line":19,"column":0},"end":{"line":19,"column":55}},"17":{"start":{"line":20,"column":0},"end":{"line":20,"column":53}},"18":{"start":{"line":22,"column":0},"end":{"line":22,"column":22}}},"fnMap":{},"branchMap":{},"s":{"0":1,"1":1,"2":1,"3":1,"4":1,"5":1,"6":1,"7":1,"8":1,"9":1,"10":1,"11":1,"12":1,"13":1,"14":1,"15":1,"16":1,"17":1,"18":1},"f":{},"b":{}}
,"/home/jingyuan/Workspace/voice/backend/src/routes/health.routes.ts": {"path":"/home/jingyuan/Workspace/voice/backend/src/routes/health.routes.ts","statementMap":{"0":{"start":{"line":1,"column":0},"end":{"line":1,"column":33}},"1":{"start":{"line":2,"column":0},"end":{"line":2,"column":58}},"2":{"start":{"line":4,"column":15},"end":{"line":4,"column":23}},"3":{"start":{"line":5,"column":0},"end":{"line":5,"column":24}},"4":{"start":{"line":7,"column":0},"end":{"line":7,"column":22}}},"fnMap":{},"branchMap":{},"s":{"0":1,"1":1,"2":1,"3":1,"4":1},"f":{},"b":{}}
,"/home/jingyuan/Workspace/voice/backend/src/services/ffmpeg.service.ts": {"path":"/home/jingyuan/Workspace/voice/backend/src/services/ffmpeg.service.ts","statementMap":{"0":{"start":{"line":29,"column":0},"end":{"line":29,"column":7}},"1":{"start":{"line":49,"column":0},"end":{"line":49,"column":7}},"2":{"start":{"line":66,"column":0},"end":{"line":66,"column":7}},"3":{"start":{"line":80,"column":0},"end":{"line":80,"column":7}},"4":{"start":{"line":113,"column":0},"end":{"line":113,"column":7}},"5":{"start":{"line":143,"column":0},"end":{"line":143,"column":7}},"6":{"start":{"line":150,"column":0},"end":{"line":150,"column":7}},"7":{"start":{"line":178,"column":0},"end":{"line":178,"column":7}},"8":{"start":{"line":235,"column":0},"end":{"line":235,"column":7}},"9":{"start":{"line":1,"column":0},"end":{"line":1,"column":35}},"10":{"start":{"line":2,"column":0},"end":{"line":2,"column":24}},"11":{"start":{"line":3,"column":0},"end":{"line":3,"column":35}},"12":{"start":{"line":5,"column":0},"end":{"line":5,"column":47}},"13":{"start":{"line":6,"column":0},"end":{"line":6,"column":36}},"14":{"start":{"line":8,"column":0},"end":{"line":10,"column":1}},"15":{"start":{"line":9,"column":2},"end":{"line":9,"column":42}},"16":{"start":{"line":13,"column":2},"end":{"line":13,"column":58}},"17":{"start":{"line":17,"column":2},"end":{"line":17,"column":50}},"18":{"start":{"line":21,"column":2},"end":{"line":26,"column":5}},"19":{"start":{"line":22,"column":4},"end":{"line":25,"column":13}},"20":{"start":{"line":23,"column":23},"end":{"line":23,"column":32}},"21":{"start":{"line":24,"column":35},"end":{"line":24,"column":46}},"22":{"start":{"line":30,"column":2},"end":{"line":46,"column":5}},"23":{"start":{"line":31,"column":4},"end":{"line":45,"column":7}},"24":{"start":{"line":32,"column":6},"end":{"line":32,"column":34}},"25":{"start":{"line":32,"column":15},"end":{"line":32,"column":34}},"26":{"start":{"line":33,"column":21},"end":{"line":33,"column":69}},"27":{"start":{"line":33,"column":44},"end":{"line":33,"column":68}},"28":{"start":{"line":34,"column":21},"end":{"line":34,"column":67}},"29":{"start":{"line":35,"column":22},"end":{"line":35,"column":64}},"30":{"start":{"line":36,"column":30},"end":{"line":38,"column":31}},"31":{"start":{"line":39,"column":6},"end":{"line":44,"column":9}},"32":{"start":{"line":50,"column":14},"end":{"line":50,"column":30}},"33":{"start":{"line":51,"column":17},"end":{"line":51,"column":29}},"34":{"start":{"line":52,"column":19},"end":{"line":52,"column":30}},"35":{"start":{"line":54,"column":2},"end":{"line":60,"column":4}},"36":{"start":{"line":62,"column":16},"end":{"line":62,"column":43}},"37":{"start":{"line":63,"column":2},"end":{"line":63,"column":72}},"38":{"start":{"line":67,"column":14},"end":{"line":67,"column":30}},"39":{"start":{"line":68,"column":17},"end":{"line":68,"column":29}},"40":{"start":{"line":70,"column":2},"end":{"line":74,"column":4}},"41":{"start":{"line":76,"column":16},"end":{"line":76,"column":43}},"42":{"start":{"line":77,"column":2},"end":{"line":77,"column":72}},"43":{"start":{"line":81,"column":17},"end":{"line":81,"column":31}},"44":{"start":{"line":83,"column":2},"end":{"line":107,"column":3}},"45":{"start":{"line":84,"column":22},"end":{"line":84,"column":74}},"46":{"start":{"line":85,"column":19},"end":{"line":85,"column":48}},"47":{"start":{"line":86,"column":16},"end":{"line":86,"column":24}},"48":{"start":{"line":87,"column":4},"end":{"line":87,"column":45}},"49":{"start":{"line":87,"column":32},"end":{"line":87,"column":45}},"50":{"start":{"line":88,"column":4},"end":{"line":96,"column":6}},"51":{"start":{"line":99,"column":16},"end":{"line":99,"column":24}},"52":{"start":{"line":100,"column":4},"end":{"line":100,"column":45}},"53":{"start":{"line":100,"column":32},"end":{"line":100,"column":45}},"54":{"start":{"line":101,"column":19},"end":{"line":101,"column":64}},"55":{"start":{"line":101,"column":44},"end":{"line":101,"column":54}},"56":{"start":{"line":102,"column":4},"end":{"line":106,"column":6}},"57":{"start":{"line":109,"column":16},"end":{"line":109,"column":43}},"58":{"start":{"line":110,"column":2},"end":{"line":110,"column":72}},"59":{"start":{"line":120,"column":14},"end":{"line":120,"column":30}},"60":{"start":{"line":121,"column":17},"end":{"line":121,"column":29}},"61":{"start":{"line":122,"column":28},"end":{"line":122,"column":30}},"62":{"start":{"line":124,"column":2},"end":{"line":127,"column":3}},"63":{"start":{"line":125,"column":17},"end":{"line":125,"column":56}},"64":{"start":{"line":126,"column":4},"end":{"line":126,"column":70}},"65":{"start":{"line":128,"column":2},"end":{"line":132,"column":3}},"66":{"start":{"line":129,"column":17},"end":{"line":129,"column":56}},"67":{"start":{"line":130,"column":22},"end":{"line":130,"column":53}},"68":{"start":{"line":131,"column":4},"end":{"line":131,"column":83}},"69":{"start":{"line":134,"column":14},"end":{"line":134,"column":31}},"70":{"start":{"line":135,"column":2},"end":{"line":135,"column":52}},"71":{"start":{"line":135,"column":26},"end":{"line":135,"column":52}},"72":{"start":{"line":136,"column":2},"end":{"line":136,"column":21}},"73":{"start":{"line":137,"column":2},"end":{"line":137,"column":23}},"74":{"start":{"line":139,"column":16},"end":{"line":139,"column":43}},"75":{"start":{"line":140,"column":2},"end":{"line":140,"column":72}},"76":{"start":{"line":144,"column":17},"end":{"line":144,"column":31}},"77":{"start":{"line":145,"column":2},"end":{"line":145,"column":52}},"78":{"start":{"line":146,"column":16},"end":{"line":146,"column":43}},"79":{"start":{"line":147,"column":2},"end":{"line":147,"column":72}},"80":{"start":{"line":156,"column":14},"end":{"line":156,"column":30}},"81":{"start":{"line":157,"column":17},"end":{"line":157,"column":29}},"82":{"start":{"line":159,"column":2},"end":{"line":163,"column":4}},"83":{"start":{"line":165,"column":16},"end":{"line":165,"column":43}},"84":{"start":{"line":166,"column":2},"end":{"line":166,"column":72}},"85":{"start":{"line":170,"column":2},"end":{"line":175,"column":5}},"86":{"start":{"line":171,"column":4},"end":{"line":174,"column":7}},"87":{"start":{"line":172,"column":6},"end":{"line":173,"column":25}},"88":{"start":{"line":172,"column":15},"end":{"line":172,"column":27}},"89":{"start":{"line":173,"column":11},"end":{"line":173,"column":25}},"90":{"start":{"line":184,"column":26},"end":{"line":184,"column":48}},"91":{"start":{"line":185,"column":15},"end":{"line":185,"column":41}},"92":{"start":{"line":187,"column":19},"end":{"line":187,"column":66}},"93":{"start":{"line":188,"column":19},"end":{"line":188,"column":29}},"94":{"start":{"line":189,"column":17},"end":{"line":189,"column":32}},"95":{"start":{"line":190,"column":22},"end":{"line":190,"column":39}},"96":{"start":{"line":192,"column":2},"end":{"line":232,"column":5}},"97":{"start":{"line":193,"column":24},"end":{"line":193,"column":41}},"98":{"start":{"line":194,"column":29},"end":{"line":194,"column":31}},"99":{"start":{"line":196,"column":16},"end":{"line":203,"column":47}},"100":{"start":{"line":203,"column":35},"end":{"line":203,"column":46}},"101":{"start":{"line":205,"column":4},"end":{"line":205,"column":66}},"102":{"start":{"line":205,"column":46},"end":{"line":205,"column":64}},"103":{"start":{"line":206,"column":4},"end":{"line":206,"column":57}},"104":{"start":{"line":206,"column":44},"end":{"line":206,"column":55}},"105":{"start":{"line":207,"column":4},"end":{"line":229,"column":7}},"106":{"start":{"line":208,"column":18},"end":{"line":208,"column":39}},"107":{"start":{"line":209,"column":22},"end":{"line":209,"column":36}},"108":{"start":{"line":210,"column":24},"end":{"line":210,"column":69}},"109":{"start":{"line":211,"column":57},"end":{"line":211,"column":59}},"110":{"start":{"line":213,"column":6},"end":{"line":226,"column":7}},"111":{"start":{"line":213,"column":19},"end":{"line":213,"column":20}},"112":{"start":{"line":214,"column":18},"end":{"line":214,"column":26}},"113":{"start":{"line":215,"column":18},"end":{"line":215,"column":27}},"114":{"start":{"line":216,"column":21},"end":{"line":216,"column":38}},"115":{"start":{"line":217,"column":8},"end":{"line":223,"column":9}},"116":{"start":{"line":217,"column":21},"end":{"line":217,"column":22}},"117":{"start":{"line":218,"column":25},"end":{"line":218,"column":37}},"118":{"start":{"line":219,"column":10},"end":{"line":219,"column":46}},"119":{"start":{"line":219,"column":40},"end":{"line":219,"column":46}},"120":{"start":{"line":220,"column":25},"end":{"line":220,"column":56}},"121":{"start":{"line":221,"column":10},"end":{"line":221,"column":41}},"122":{"start":{"line":221,"column":28},"end":{"line":221,"column":41}},"123":{"start":{"line":222,"column":10},"end":{"line":222,"column":41}},"124":{"start":{"line":222,"column":28},"end":{"line":222,"column":41}},"125":{"start":{"line":224,"column":8},"end":{"line":224,"column":51}},"126":{"start":{"line":224,"column":32},"end":{"line":224,"column":40}},"127":{"start":{"line":224,"column":41},"end":{"line":224,"column":49}},"128":{"start":{"line":225,"column":8},"end":{"line":225,"column":33}},"129":{"start":{"line":228,"column":6},"end":{"line":228,"column":71}},"130":{"start":{"line":231,"column":4},"end":{"line":231,"column":14}},"131":{"start":{"line":241,"column":14},"end":{"line":241,"column":22}},"132":{"start":{"line":242,"column":2},"end":{"line":242,"column":54}},"133":{"start":{"line":242,"column":30},"end":{"line":242,"column":54}},"134":{"start":{"line":244,"column":19},"end":{"line":247,"column":4}},"135":{"start":{"line":245,"column":15},"end":{"line":245,"column":47}},"136":{"start":{"line":246,"column":4},"end":{"line":246,"column":68}},"137":{"start":{"line":248,"column":20},"end":{"line":248,"column":62}},"138":{"start":{"line":248,"column":43},"end":{"line":248,"column":52}},"139":{"start":{"line":249,"column":2},"end":{"line":249,"column":96}},"140":{"start":{"line":250,"column":24},"end":{"line":250,"column":42}},"141":{"start":{"line":252,"column":2},"end":{"line":261,"column":5}},"142":{"start":{"line":253,"column":4},"end":{"line":260,"column":13}},"143":{"start":{"line":257,"column":51},"end":{"line":257,"column":89}},"144":{"start":{"line":258,"column":23},"end":{"line":258,"column":32}},"145":{"start":{"line":259,"column":35},"end":{"line":259,"column":46}},"146":{"start":{"line":265,"column":2},"end":{"line":272,"column":3}},"147":{"start":{"line":266,"column":16},"end":{"line":266,"column":57}},"148":{"start":{"line":267,"column":17},"end":{"line":267,"column":42}},"149":{"start":{"line":268,"column":16},"end":{"line":268,"column":56}},"150":{"start":{"line":270,"column":16},"end":{"line":270,"column":53}},"151":{"start":{"line":271,"column":13},"end":{"line":271,"column":23}}},"fnMap":{"0":{"name":"outPath","decl":{"start":{"line":12,"column":9},"end":{"line":12,"column":16}},"loc":{"start":{"line":12,"column":28},"end":{"line":14,"column":1}}},"1":{"name":"extOf","decl":{"start":{"line":16,"column":9},"end":{"line":16,"column":14}},"loc":{"start":{"line":16,"column":31},"end":{"line":18,"column":1}}},"2":{"name":"runFfmpeg","decl":{"start":{"line":20,"column":9},"end":{"line":20,"column":18}},"loc":{"start":{"line":20,"column":44},"end":{"line":27,"column":1}}},"3":{"name":"(anonymous_13)","decl":{"start":{"line":21,"column":21},"end":{"line":21,"column":22}},"loc":{"start":{"line":21,"column":41},"end":{"line":26,"column":3}}},"4":{"name":"(anonymous_14)","decl":{"start":{"line":23,"column":17},"end":{"line":23,"column":20}},"loc":{"start":{"line":23,"column":23},"end":{"line":23,"column":32}}},"5":{"name":"(anonymous_15)","decl":{"start":{"line":24,"column":19},"end":{"line":24,"column":20}},"loc":{"start":{"line":24,"column":35},"end":{"line":24,"column":46}}},"6":{"name":"probeDuration","decl":{"start":{"line":29,"column":22},"end":{"line":29,"column":35}},"loc":{"start":{"line":29,"column":52},"end":{"line":47,"column":1}}},"7":{"name":"(anonymous_17)","decl":{"start":{"line":30,"column":21},"end":{"line":30,"column":22}},"loc":{"start":{"line":30,"column":41},"end":{"line":46,"column":3}}},"8":{"name":"(anonymous_18)","decl":{"start":{"line":31,"column":29},"end":{"line":31,"column":30}},"loc":{"start":{"line":31,"column":43},"end":{"line":45,"column":5}}},"9":{"name":"(anonymous_19)","decl":{"start":{"line":33,"column":39},"end":{"line":33,"column":40}},"loc":{"start":{"line":33,"column":44},"end":{"line":33,"column":68}}},"10":{"name":"cut","decl":{"start":{"line":49,"column":22},"end":{"line":49,"column":25}},"loc":{"start":{"line":49,"column":71},"end":{"line":64,"column":1}}},"11":{"name":"trim","decl":{"start":{"line":66,"column":22},"end":{"line":66,"column":26}},"loc":{"start":{"line":66,"column":98},"end":{"line":78,"column":1}}},"12":{"name":"merge","decl":{"start":{"line":80,"column":22},"end":{"line":80,"column":27}},"loc":{"start":{"line":80,"column":75},"end":{"line":111,"column":1}}},"13":{"name":"(anonymous_23)","decl":{"start":{"line":101,"column":34},"end":{"line":101,"column":35}},"loc":{"start":{"line":101,"column":44},"end":{"line":101,"column":54}}},"14":{"name":"fade","decl":{"start":{"line":113,"column":22},"end":{"line":113,"column":26}},"loc":{"start":{"line":118,"column":23},"end":{"line":141,"column":1}}},"15":{"name":"normalizeAudio","decl":{"start":{"line":143,"column":22},"end":{"line":143,"column":36}},"loc":{"start":{"line":143,"column":54},"end":{"line":148,"column":1}}},"16":{"name":"noiseGate","decl":{"start":{"line":150,"column":22},"end":{"line":150,"column":31}},"loc":{"start":{"line":154,"column":19},"end":{"line":167,"column":1}}},"17":{"name":"probeFile","decl":{"start":{"line":169,"column":9},"end":{"line":169,"column":18}},"loc":{"start":{"line":169,"column":35},"end":{"line":176,"column":1}}},"18":{"name":"(anonymous_28)","decl":{"start":{"line":170,"column":21},"end":{"line":170,"column":22}},"loc":{"start":{"line":170,"column":41},"end":{"line":175,"column":3}}},"19":{"name":"(anonymous_29)","decl":{"start":{"line":171,"column":29},"end":{"line":171,"column":30}},"loc":{"start":{"line":171,"column":43},"end":{"line":174,"column":5}}},"20":{"name":"extractPeaks","decl":{"start":{"line":178,"column":22},"end":{"line":178,"column":34}},"loc":{"start":{"line":182,"column":14},"end":{"line":233,"column":1}}},"21":{"name":"(anonymous_31)","decl":{"start":{"line":184,"column":26},"end":{"line":184,"column":39}},"loc":{"start":{"line":184,"column":26},"end":{"line":184,"column":48}}},"22":{"name":"(anonymous_32)","decl":{"start":{"line":192,"column":21},"end":{"line":192,"column":22}},"loc":{"start":{"line":192,"column":41},"end":{"line":232,"column":3}}},"23":{"name":"(anonymous_33)","decl":{"start":{"line":203,"column":19},"end":{"line":203,"column":20}},"loc":{"start":{"line":203,"column":35},"end":{"line":203,"column":46}}},"24":{"name":"(anonymous_34)","decl":{"start":{"line":205,"column":27},"end":{"line":205,"column":28}},"loc":{"start":{"line":205,"column":46},"end":{"line":205,"column":64}}},"25":{"name":"(anonymous_35)","decl":{"start":{"line":206,"column":28},"end":{"line":206,"column":29}},"loc":{"start":{"line":206,"column":44},"end":{"line":206,"column":55}}},"26":{"name":"(anonymous_36)","decl":{"start":{"line":207,"column":26},"end":{"line":207,"column":29}},"loc":{"start":{"line":207,"column":31},"end":{"line":229,"column":5}}},"27":{"name":"exportMix","decl":{"start":{"line":235,"column":22},"end":{"line":235,"column":31}},"loc":{"start":{"line":239,"column":35},"end":{"line":262,"column":1}}},"28":{"name":"(anonymous_38)","decl":{"start":{"line":244,"column":32},"end":{"line":244,"column":33}},"loc":{"start":{"line":244,"column":43},"end":{"line":247,"column":3}}},"29":{"name":"(anonymous_39)","decl":{"start":{"line":248,"column":33},"end":{"line":248,"column":34}},"loc":{"start":{"line":248,"column":43},"end":{"line":248,"column":52}}},"30":{"name":"(anonymous_40)","decl":{"start":{"line":252,"column":26},"end":{"line":252,"column":27}},"loc":{"start":{"line":252,"column":46},"end":{"line":261,"column":3}}},"31":{"name":"(anonymous_41)","decl":{"start":{"line":257,"column":22},"end":{"line":257,"column":23}},"loc":{"start":{"line":257,"column":51},"end":{"line":257,"column":89}}},"32":{"name":"(anonymous_42)","decl":{"start":{"line":258,"column":17},"end":{"line":258,"column":20}},"loc":{"start":{"line":258,"column":23},"end":{"line":258,"column":32}}},"33":{"name":"(anonymous_43)","decl":{"start":{"line":259,"column":19},"end":{"line":259,"column":20}},"loc":{"start":{"line":259,"column":35},"end":{"line":259,"column":46}}},"34":{"name":"formatOptions","decl":{"start":{"line":264,"column":9},"end":{"line":264,"column":22}},"loc":{"start":{"line":264,"column":37},"end":{"line":273,"column":1}}}},"branchMap":{"0":{"loc":{"start":{"line":8,"column":0},"end":{"line":10,"column":1}},"type":"if","locations":[{"start":{"line":8,"column":0},"end":{"line":10,"column":1}}]},"1":{"loc":{"start":{"line":17,"column":9},"end":{"line":17,"column":49}},"type":"binary-expr","locations":[{"start":{"line":17,"column":9},"end":{"line":17,"column":40}},{"start":{"line":17,"column":44},"end":{"line":17,"column":49}}]},"2":{"loc":{"start":{"line":32,"column":6},"end":{"line":32,"column":34}},"type":"if","locations":[{"start":{"line":32,"column":6},"end":{"line":32,"column":34}}]},"3":{"loc":{"start":{"line":34,"column":39},"end":{"line":34,"column":65}},"type":"binary-expr","locations":[{"start":{"line":34,"column":39},"end":{"line":34,"column":59}},{"start":{"line":34,"column":63},"end":{"line":34,"column":65}}]},"4":{"loc":{"start":{"line":35,"column":40},"end":{"line":35,"column":62}},"type":"binary-expr","locations":[{"start":{"line":35,"column":40},"end":{"line":35,"column":56}},{"start":{"line":35,"column":60},"end":{"line":35,"column":62}}]},"5":{"loc":{"start":{"line":36,"column":30},"end":{"line":38,"column":31}},"type":"cond-expr","locations":[{"start":{"line":36,"column":65},"end":{"line":36,"column":71}},{"start":{"line":37,"column":30},"end":{"line":38,"column":31}}]},"6":{"loc":{"start":{"line":36,"column":31},"end":{"line":36,"column":61}},"type":"binary-expr","locations":[{"start":{"line":36,"column":31},"end":{"line":36,"column":47}},{"start":{"line":36,"column":51},"end":{"line":36,"column":61}}]},"7":{"loc":{"start":{"line":37,"column":30},"end":{"line":38,"column":31}},"type":"cond-expr","locations":[{"start":{"line":37,"column":67},"end":{"line":37,"column":74}},{"start":{"line":38,"column":30},"end":{"line":38,"column":31}}]},"8":{"loc":{"start":{"line":37,"column":31},"end":{"line":37,"column":63}},"type":"binary-expr","locations":[{"start":{"line":37,"column":31},"end":{"line":37,"column":48}},{"start":{"line":37,"column":52},"end":{"line":37,"column":63}}]},"9":{"loc":{"start":{"line":41,"column":36},"end":{"line":41,"column":66}},"type":"binary-expr","locations":[{"start":{"line":41,"column":36},"end":{"line":41,"column":55}},{"start":{"line":41,"column":59},"end":{"line":41,"column":66}}]},"10":{"loc":{"start":{"line":42,"column":18},"end":{"line":42,"column":39}},"type":"binary-expr","locations":[{"start":{"line":42,"column":18},"end":{"line":42,"column":34}},{"start":{"line":42,"column":38},"end":{"line":42,"column":39}}]},"11":{"loc":{"start":{"line":43,"column":16},"end":{"line":43,"column":67}},"type":"binary-expr","locations":[{"start":{"line":43,"column":16},"end":{"line":43,"column":54}},{"start":{"line":43,"column":58},"end":{"line":43,"column":67}}]},"12":{"loc":{"start":{"line":83,"column":2},"end":{"line":107,"column":3}},"type":"if","locations":[{"start":{"line":83,"column":2},"end":{"line":107,"column":3}},{"start":{"line":97,"column":9},"end":{"line":107,"column":3}}]},"13":{"loc":{"start":{"line":83,"column":6},"end":{"line":83,"column":54}},"type":"binary-expr","locations":[{"start":{"line":83,"column":6},"end":{"line":83,"column":27}},{"start":{"line":83,"column":31},"end":{"line":83,"column":54}}]},"14":{"loc":{"start":{"line":124,"column":2},"end":{"line":127,"column":3}},"type":"if","locations":[{"start":{"line":124,"column":2},"end":{"line":127,"column":3}}]},"15":{"loc":{"start":{"line":125,"column":17},"end":{"line":125,"column":56}},"type":"cond-expr","locations":[{"start":{"line":125,"column":43},"end":{"line":125,"column":48}},{"start":{"line":125,"column":51},"end":{"line":125,"column":56}}]},"16":{"loc":{"start":{"line":128,"column":2},"end":{"line":132,"column":3}},"type":"if","locations":[{"start":{"line":128,"column":2},"end":{"line":132,"column":3}}]},"17":{"loc":{"start":{"line":129,"column":17},"end":{"line":129,"column":56}},"type":"cond-expr","locations":[{"start":{"line":129,"column":43},"end":{"line":129,"column":48}},{"start":{"line":129,"column":51},"end":{"line":129,"column":56}}]},"18":{"loc":{"start":{"line":135,"column":2},"end":{"line":135,"column":52}},"type":"if","locations":[{"start":{"line":135,"column":2},"end":{"line":135,"column":52}}]},"19":{"loc":{"start":{"line":172,"column":6},"end":{"line":173,"column":25}},"type":"if","locations":[{"start":{"line":172,"column":6},"end":{"line":173,"column":25}},{"start":{"line":173,"column":11},"end":{"line":173,"column":25}}]},"20":{"loc":{"start":{"line":187,"column":37},"end":{"line":187,"column":64}},"type":"binary-expr","locations":[{"start":{"line":187,"column":37},"end":{"line":187,"column":57}},{"start":{"line":187,"column":61},"end":{"line":187,"column":64}}]},"21":{"loc":{"start":{"line":188,"column":19},"end":{"line":188,"column":29}},"type":"binary-expr","locations":[{"start":{"line":188,"column":19},"end":{"line":188,"column":24}},{"start":{"line":188,"column":28},"end":{"line":188,"column":29}}]},"22":{"loc":{"start":{"line":189,"column":17},"end":{"line":189,"column":32}},"type":"binary-expr","locations":[{"start":{"line":189,"column":17},"end":{"line":189,"column":20}},{"start":{"line":189,"column":24},"end":{"line":189,"column":32}}]},"23":{"loc":{"start":{"line":219,"column":10},"end":{"line":219,"column":46}},"type":"if","locations":[{"start":{"line":219,"column":10},"end":{"line":219,"column":46}}]},"24":{"loc":{"start":{"line":221,"column":10},"end":{"line":221,"column":41}},"type":"if","locations":[{"start":{"line":221,"column":10},"end":{"line":221,"column":41}}]},"25":{"loc":{"start":{"line":222,"column":10},"end":{"line":222,"column":41}},"type":"if","locations":[{"start":{"line":222,"column":10},"end":{"line":222,"column":41}}]},"26":{"loc":{"start":{"line":224,"column":8},"end":{"line":224,"column":51}},"type":"if","locations":[{"start":{"line":224,"column":8},"end":{"line":224,"column":51}}]},"27":{"loc":{"start":{"line":257,"column":73},"end":{"line":257,"column":87}},"type":"binary-expr","locations":[{"start":{"line":257,"column":73},"end":{"line":257,"column":82}},{"start":{"line":257,"column":86},"end":{"line":257,"column":87}}]},"28":{"loc":{"start":{"line":265,"column":2},"end":{"line":272,"column":3}},"type":"switch","locations":[{"start":{"line":266,"column":4},"end":{"line":266,"column":57}},{"start":{"line":267,"column":4},"end":{"line":267,"column":42}},{"start":{"line":268,"column":4},"end":{"line":268,"column":56}},{"start":{"line":269,"column":4},"end":{"line":269,"column":15}},{"start":{"line":270,"column":4},"end":{"line":270,"column":53}},{"start":{"line":271,"column":4},"end":{"line":271,"column":23}}]}},"s":{"0":3,"1":3,"2":3,"3":3,"4":3,"5":3,"6":3,"7":3,"8":3,"9":3,"10":3,"11":3,"12":3,"13":3,"14":3,"15":1,"16":20,"17":14,"18":20,"19":20,"20":13,"21":7,"22":21,"23":21,"24":21,"25":1,"26":20,"27":17,"28":20,"29":20,"30":20,"31":20,"32":4,"33":4,"34":4,"35":4,"36":3,"37":3,"38":2,"39":2,"40":2,"41":1,"42":1,"43":4,"44":4,"45":2,"46":2,"47":2,"48":2,"49":4,"50":2,"51":2,"52":2,"53":4,"54":2,"55":4,"56":2,"57":2,"58":2,"59":6,"60":6,"61":6,"62":6,"63":4,"64":4,"65":6,"66":2,"67":2,"68":2,"69":6,"70":6,"71":5,"72":6,"73":6,"74":5,"75":5,"76":2,"77":2,"78":1,"79":1,"80":2,"81":2,"82":2,"83":1,"84":1,"85":10,"86":10,"87":10,"88":1,"89":9,"90":20,"91":10,"92":9,"93":9,"94":9,"95":9,"96":9,"97":9,"98":9,"99":9,"100":1,"101":9,"102":2,"103":9,"104":1,"105":9,"106":7,"107":7,"108":7,"109":7,"110":7,"111":7,"112":24,"113":24,"114":24,"115":24,"116":24,"117":26,"118":26,"119":21,"120":5,"121":5,"122":5,"123":5,"124":3,"125":24,"126":21,"127":21,"128":24,"129":7,"130":9,"131":10,"132":10,"133":11,"134":10,"135":11,"136":11,"137":10,"138":11,"139":10,"140":10,"141":10,"142":10,"143":2,"144":9,"145":1,"146":10,"147":2,"148":1,"149":1,"150":2,"151":4},"f":{"0":20,"1":14,"2":20,"3":20,"4":13,"5":7,"6":21,"7":21,"8":21,"9":17,"10":4,"11":2,"12":4,"13":4,"14":6,"15":2,"16":2,"17":10,"18":10,"19":10,"20":10,"21":10,"22":9,"23":1,"24":2,"25":1,"26":7,"27":10,"28":11,"29":11,"30":10,"31":2,"32":9,"33":1,"34":10},"b":{"0":[1],"1":[14,1],"2":[1],"3":[20,1],"4":[20,3],"5":[18,2],"6":[20,18],"7":[1,1],"8":[2,1],"9":[20,3],"10":[20,3],"11":[20,1],"12":[2,2],"13":[4,2],"14":[4],"15":[1,3],"16":[2],"17":[1,1],"18":[5],"19":[1,9],"20":[9,1],"21":[9,8],"22":[9,8],"23":[21],"24":[5],"25":[3],"26":[21],"27":[2,1],"28":[2,1,1,1,2,4]}}
,"/home/jingyuan/Workspace/voice/backend/src/services/storage.service.ts": {"path":"/home/jingyuan/Workspace/voice/backend/src/services/storage.service.ts","statementMap":{"0":{"start":{"line":13,"column":0},"end":{"line":13,"column":16}},"1":{"start":{"line":19,"column":0},"end":{"line":19,"column":16}},"2":{"start":{"line":29,"column":0},"end":{"line":29,"column":16}},"3":{"start":{"line":36,"column":0},"end":{"line":36,"column":16}},"4":{"start":{"line":43,"column":0},"end":{"line":43,"column":16}},"5":{"start":{"line":47,"column":0},"end":{"line":47,"column":16}},"6":{"start":{"line":51,"column":0},"end":{"line":51,"column":16}},"7":{"start":{"line":1,"column":0},"end":{"line":1,"column":20}},"8":{"start":{"line":2,"column":0},"end":{"line":2,"column":24}},"9":{"start":{"line":3,"column":0},"end":{"line":3,"column":35}},"10":{"start":{"line":6,"column":20},"end":{"line":6,"column":59}},"11":{"start":{"line":7,"column":20},"end":{"line":7,"column":58}},"12":{"start":{"line":8,"column":26},"end":{"line":8,"column":39}},"13":{"start":{"line":9,"column":20},"end":{"line":9,"column":34}},"14":{"start":{"line":11,"column":17},"end":{"line":11,"column":48}},"15":{"start":{"line":14,"column":2},"end":{"line":14,"column":49}},"16":{"start":{"line":15,"column":2},"end":{"line":15,"column":49}},"17":{"start":{"line":16,"column":2},"end":{"line":16,"column":50}},"18":{"start":{"line":20,"column":2},"end":{"line":26,"column":5}},"19":{"start":{"line":30,"column":15},"end":{"line":30,"column":35}},"20":{"start":{"line":31,"column":2},"end":{"line":31,"column":30}},"21":{"start":{"line":31,"column":13},"end":{"line":31,"column":30}},"22":{"start":{"line":32,"column":2},"end":{"line":32,"column":35}},"23":{"start":{"line":33,"column":2},"end":{"line":33,"column":23}},"24":{"start":{"line":37,"column":15},"end":{"line":37,"column":35}},"25":{"start":{"line":38,"column":2},"end":{"line":38,"column":20}},"26":{"start":{"line":38,"column":13},"end":{"line":38,"column":20}},"27":{"start":{"line":39,"column":2},"end":{"line":39,"column":26}},"28":{"start":{"line":40,"column":2},"end":{"line":40,"column":68}},"29":{"start":{"line":40,"column":8},"end":{"line":40,"column":37}},"30":{"start":{"line":44,"column":2},"end":{"line":44,"column":21}},"31":{"start":{"line":48,"column":2},"end":{"line":48,"column":21}},"32":{"start":{"line":52,"column":2},"end":{"line":54,"column":3}},"33":{"start":{"line":53,"column":4},"end":{"line":53,"column":19}},"34":{"start":{"line":58,"column":17},"end":{"line":58,"column":41}},"35":{"start":{"line":59,"column":2},"end":{"line":63,"column":3}},"36":{"start":{"line":60,"column":4},"end":{"line":62,"column":5}},"37":{"start":{"line":61,"column":6},"end":{"line":61,"column":21}}},"fnMap":{"0":{"name":"initStorage","decl":{"start":{"line":13,"column":16},"end":{"line":13,"column":27}},"loc":{"start":{"line":13,"column":27},"end":{"line":17,"column":1}}},"1":{"name":"registerFile","decl":{"start":{"line":19,"column":16},"end":{"line":19,"column":28}},"loc":{"start":{"line":19,"column":83},"end":{"line":27,"column":1}}},"2":{"name":"getFilePath","decl":{"start":{"line":29,"column":16},"end":{"line":29,"column":27}},"loc":{"start":{"line":29,"column":42},"end":{"line":34,"column":1}}},"3":{"name":"deleteFile","decl":{"start":{"line":36,"column":16},"end":{"line":36,"column":26}},"loc":{"start":{"line":36,"column":41},"end":{"line":41,"column":1}}},"4":{"name":"sessionDir","decl":{"start":{"line":43,"column":16},"end":{"line":43,"column":26}},"loc":{"start":{"line":43,"column":26},"end":{"line":45,"column":1}}},"5":{"name":"exportsDir","decl":{"start":{"line":47,"column":16},"end":{"line":47,"column":26}},"loc":{"start":{"line":47,"column":26},"end":{"line":49,"column":1}}},"6":{"name":"cleanupAllFiles","decl":{"start":{"line":51,"column":16},"end":{"line":51,"column":31}},"loc":{"start":{"line":51,"column":31},"end":{"line":55,"column":1}}},"7":{"name":"purgeStaleFiles","decl":{"start":{"line":57,"column":9},"end":{"line":57,"column":24}},"loc":{"start":{"line":57,"column":24},"end":{"line":64,"column":1}}}},"branchMap":{"0":{"loc":{"start":{"line":31,"column":2},"end":{"line":31,"column":30}},"type":"if","locations":[{"start":{"line":31,"column":2},"end":{"line":31,"column":30}}]},"1":{"loc":{"start":{"line":38,"column":2},"end":{"line":38,"column":20}},"type":"if","locations":[{"start":{"line":38,"column":2},"end":{"line":38,"column":20}}]},"2":{"loc":{"start":{"line":60,"column":4},"end":{"line":62,"column":5}},"type":"if","locations":[{"start":{"line":60,"column":4},"end":{"line":62,"column":5}}]}},"s":{"0":2,"1":2,"2":2,"3":2,"4":2,"5":2,"6":2,"7":2,"8":2,"9":2,"10":2,"11":2,"12":2,"13":2,"14":2,"15":4,"16":4,"17":4,"18":8,"19":9,"20":9,"21":5,"22":4,"23":4,"24":8,"25":8,"26":1,"27":7,"28":7,"29":7,"30":1,"31":1,"32":14,"33":4,"34":2,"35":2,"36":2,"37":1},"f":{"0":4,"1":8,"2":9,"3":8,"4":1,"5":1,"6":14,"7":2},"b":{"0":[5],"1":[1],"2":[1]}}
}
