TN:
SF:src/app.ts
FN:8,createApp
FN:21,(anonymous_2)
FNF:2
FNH:2
FNDA:56,createApp
FNDA:1,(anonymous_2)
DA:1,1
DA:2,1
DA:3,1
DA:4,1
DA:5,1
DA:6,1
DA:8,1
DA:9,56
DA:11,56
DA:12,56
DA:14,56
DA:15,56
DA:18,56
DA:19,56
DA:20,2
DA:21,2
DA:24,56
DA:26,56
LF:18
LH:18
BRDA:19,0,0,2
BRF:1
BRH:1
end_of_record
TN:
SF:src/config/index.ts
FNF:0
FNH:0
DA:1,5
DA:2,5
DA:5,5
DA:6,5
DA:7,5
DA:8,5
DA:9,24
DA:10,24
DA:11,17
DA:12,17
DA:13,16
DA:14,16
DA:15,16
DA:21,5
LF:14
LH:14
BRDA:6,0,0,5
BRDA:10,1,0,17
BRDA:10,2,0,24
BRDA:10,2,1,18
BRDA:12,3,0,16
BRDA:15,4,0,11
BRDA:22,5,0,5
BRDA:22,5,1,0
BRDA:23,6,0,5
BRDA:23,6,1,1
BRDA:24,7,0,5
BRDA:24,7,1,2
BRDA:25,8,0,5
BRDA:25,8,1,2
BRF:14
BRH:13
end_of_record
TN:
SF:src/controllers/audio.controller.ts
FN:15,qs
FN:19,param
FN:23,importAudio
FN:46,getPeaks
FN:64,cutAudio
FN:79,trimAudio
FN:94,mergeAudio
FN:112,fadeAudio
FN:128,noiseGateAudio
FN:143,startExport
FN:161,(anonymous_20)
FN:170,(anonymous_21)
FN:173,(anonymous_22)
FN:179,(anonymous_23)
FN:183,(anonymous_24)
FN:194,exportProgress
FN:216,(anonymous_26)
FN:222,downloadExport
FN:235,serveRawFile
FN:241,serveSegment
FN:254,(anonymous_30)
FN:262,deleteFileHandler
FN:267,sessionCleanup
FN:272,broadcastProgress
FN:279,closeClients
FNF:25
FNH:25
FNDA:7,qs
FNDA:21,param
FNDA:6,importAudio
FNDA:4,getPeaks
FNDA:3,cutAudio
FNDA:3,trimAudio
FNDA:3,mergeAudio
FNDA:3,fadeAudio
FNDA:3,noiseGateAudio
FNDA:13,startExport
FNDA:11,(anonymous_20)
FNDA:1,(anonymous_21)
FNDA:10,(anonymous_22)
FNDA:1,(anonymous_23)
FNDA:1,(anonymous_24)
FNDA:7,exportProgress
FNDA:2,(anonymous_26)
FNDA:4,downloadExport
FNDA:2,serveRawFile
FNDA:3,serveSegment
FNDA:1,(anonymous_30)
FNDA:1,deleteFileHandler
FNDA:1,sessionCleanup
FNDA:12,broadcastProgress
FNDA:11,closeClients
DA:2,1
DA:3,1
DA:4,1
DA:5,1
DA:6,1
DA:7,1
DA:13,1
DA:16,7
DA:20,21
DA:23,1
DA:24,6
DA:25,6
DA:26,1
DA:27,1
DA:29,5
DA:30,5
DA:31,5
DA:33,4
DA:34,2
DA:35,2
DA:36,2
DA:39,4
DA:40,4
DA:42,1
DA:46,1
DA:47,4
DA:48,4
DA:49,4
DA:50,4
DA:51,4
DA:52,4
DA:54,4
DA:55,4
DA:57,3
DA:58,2
DA:60,1
DA:64,1
DA:65,3
DA:66,3
DA:67,3
DA:68,3
DA:70,2
DA:71,1
DA:72,1
DA:73,1
DA:75,1
DA:79,1
DA:80,3
DA:81,3
DA:82,3
DA:83,3
DA:85,2
DA:86,1
DA:87,1
DA:88,1
DA:90,1
DA:94,1
DA:95,3
DA:96,3
DA:97,3
DA:98,3
DA:99,6
DA:100,6
DA:101,5
DA:103,2
DA:104,1
DA:105,1
DA:106,1
DA:108,1
DA:112,1
DA:113,3
DA:114,3
DA:115,3
DA:116,3
DA:118,2
DA:119,2
DA:120,1
DA:121,1
DA:122,1
DA:124,1
DA:128,1
DA:129,3
DA:130,3
DA:131,3
DA:132,3
DA:134,2
DA:135,1
DA:136,1
DA:137,1
DA:139,1
DA:143,1
DA:144,13
DA:145,13
DA:147,13
DA:148,13
DA:149,1
DA:150,1
DA:154,11
DA:155,11
DA:158,11
DA:159,11
DA:161,11
DA:166,11
DA:167,11
DA:168,11
DA:170,11
DA:171,1
DA:172,1
DA:174,10
DA:175,10
DA:176,10
DA:177,10
DA:178,10
DA:179,10
DA:180,1
DA:181,1
DA:184,1
DA:185,1
DA:186,1
DA:187,1
DA:190,1
DA:194,1
DA:195,7
DA:196,7
DA:198,7
DA:199,1
DA:200,1
DA:203,6
DA:204,6
DA:205,6
DA:206,6
DA:208,6
DA:210,6
DA:211,2
DA:212,2
DA:215,4
DA:216,4
DA:217,2
DA:218,2
DA:222,1
DA:223,4
DA:224,4
DA:226,4
DA:227,2
DA:228,2
DA:231,2
DA:232,2
DA:235,1
DA:236,2
DA:237,2
DA:238,1
DA:241,1
DA:242,3
DA:243,3
DA:244,3
DA:245,3
DA:246,3
DA:248,3
DA:249,3
DA:251,2
DA:252,1
DA:253,1
DA:254,1
DA:255,1
DA:258,1
DA:262,1
DA:263,1
DA:264,1
DA:267,1
DA:268,1
DA:269,1
DA:273,12
DA:274,12
DA:275,4
DA:280,11
DA:281,3
DA:283,11
LF:177
LH:177
BRDA:20,0,0,21
BRDA:20,0,1,0
BRDA:25,1,0,1
BRDA:33,2,0,2
BRDA:33,3,0,4
BRDA:33,3,1,2
BRDA:50,4,0,4
BRDA:50,4,1,2
BRDA:51,5,0,1
BRDA:51,5,1,3
BRDA:52,6,0,1
BRDA:52,6,1,3
BRDA:55,7,0,1
BRDA:68,8,0,1
BRDA:83,9,0,1
BRDA:96,10,0,1
BRDA:100,11,0,1
BRDA:114,12,0,2
BRDA:116,13,0,1
BRDA:132,14,0,1
BRDA:148,15,0,1
BRDA:166,16,0,0
BRDA:166,16,1,11
BRDA:166,17,0,1
BRDA:166,17,1,10
BRDA:198,18,0,1
BRDA:210,19,0,2
BRDA:210,20,0,6
BRDA:210,20,1,5
BRDA:218,21,0,1
BRDA:226,22,0,2
BRDA:226,23,0,4
BRDA:226,23,1,2
BRDA:226,23,2,2
BRDA:231,24,0,2
BRDA:231,24,1,1
BRDA:237,25,0,1
BRDA:245,26,0,3
BRDA:245,26,1,1
BRDA:246,27,0,3
BRDA:246,27,1,1
BRDA:249,28,0,1
BRF:42
BRH:40
end_of_record
TN:
SF:src/controllers/health.controller.ts
FN:4,isFfmpegAvailable
FN:13,health
FNF:2
FNH:2
FNDA:3,isFfmpegAvailable
FNDA:3,health
DA:2,3
DA:5,3
DA:6,3
DA:7,2
DA:9,1
DA:13,3
DA:14,3
LF:7
LH:7
BRF:0
BRH:0
end_of_record
TN:
SF:src/middleware/cors.middleware.ts
FNF:0
FNH:0
DA:1,2
DA:2,2
DA:4,2
LF:3
LH:3
BRF:0
BRH:0
end_of_record
TN:
SF:src/middleware/error.middleware.ts
FN:4,errorMiddleware
FNF:1
FNH:1
FNDA:14,errorMiddleware
DA:2,2
DA:4,2
DA:5,14
DA:7,14
DA:8,1
DA:9,1
DA:12,13
DA:13,2
DA:14,2
DA:17,11
LF:10
LH:10
BRDA:7,0,0,1
BRDA:7,1,0,14
BRDA:7,1,1,1
BRDA:12,2,0,2
BRDA:17,3,0,11
BRDA:17,3,1,1
BRF:6
BRH:6
end_of_record
TN:
SF:src/middleware/upload.middleware.ts
FN:23,(anonymous_1)
FN:24,(anonymous_2)
FN:33,fileFilter
FN:44,extractFileId
FNF:4
FNH:4
FNDA:5,(anonymous_1)
FNDA:5,(anonymous_2)
FNDA:6,fileFilter
FNDA:14,extractFileId
DA:1,2
DA:2,2
DA:3,2
DA:4,2
DA:7,2
DA:9,2
DA:20,2
DA:22,2
DA:23,5
DA:25,5
DA:26,5
DA:27,5
DA:29,5
DA:34,6
DA:35,6
DA:36,5
DA:38,1
DA:42,2
DA:44,2
DA:45,14
LF:20
LH:20
BRDA:25,0,0,5
BRDA:25,0,1,1
BRDA:35,1,0,5
BRDA:35,1,1,1
BRDA:35,2,0,6
BRDA:35,2,1,1
BRF:6
BRH:6
end_of_record
TN:
SF:src/routes/audio.routes.ts
FNF:0
FNH:0
DA:1,1
DA:2,1
DA:3,1
DA:5,1
DA:7,1
DA:8,1
DA:9,1
DA:10,1
DA:11,1
DA:12,1
DA:13,1
DA:14,1
DA:15,1
DA:16,1
DA:17,1
DA:18,1
DA:19,1
DA:20,1
DA:22,1
LF:19
LH:19
BRF:0
BRH:0
end_of_record
TN:
SF:src/routes/health.routes.ts
FNF:0
FNH:0
DA:1,1
DA:2,1
DA:4,1
DA:5,1
DA:7,1
LF:5
LH:5
BRF:0
BRH:0
end_of_record
TN:
SF:src/services/ffmpeg.service.ts
FN:12,outPath
FN:16,extOf
FN:20,runFfmpeg
FN:21,(anonymous_13)
FN:23,(anonymous_14)
FN:24,(anonymous_15)
FN:29,probeDuration
FN:30,(anonymous_17)
FN:31,(anonymous_18)
FN:33,(anonymous_19)
FN:49,cut
FN:62,(anonymous_21)
FN:72,trim
FN:86,merge
FN:107,(anonymous_24)
FN:119,fade
FN:149,normalizeAudio
FN:156,noiseGate
FN:175,probeFile
FN:176,(anonymous_29)
FN:177,(anonymous_30)
FN:184,extractPeaks
FN:190,(anonymous_32)
FN:198,(anonymous_33)
FN:209,(anonymous_34)
FN:211,(anonymous_35)
FN:212,(anonymous_36)
FN:213,(anonymous_37)
FN:241,exportMix
FN:250,(anonymous_39)
FN:254,(anonymous_40)
FN:258,(anonymous_41)
FN:263,(anonymous_42)
FN:264,(anonymous_43)
FN:265,(anonymous_44)
FN:270,formatOptions
FNF:36
FNH:36
FNDA:20,outPath
FNDA:14,extOf
FNDA:20,runFfmpeg
FNDA:20,(anonymous_13)
FNDA:13,(anonymous_14)
FNDA:7,(anonymous_15)
FNDA:21,probeDuration
FNDA:21,(anonymous_17)
FNDA:21,(anonymous_18)
FNDA:17,(anonymous_19)
FNDA:4,cut
FNDA:3,(anonymous_21)
FNDA:2,trim
FNDA:4,merge
FNDA:4,(anonymous_24)
FNDA:6,fade
FNDA:2,normalizeAudio
FNDA:2,noiseGate
FNDA:10,probeFile
FNDA:10,(anonymous_29)
FNDA:10,(anonymous_30)
FNDA:10,extractPeaks
FNDA:10,(anonymous_32)
FNDA:9,(anonymous_33)
FNDA:1,(anonymous_34)
FNDA:2,(anonymous_35)
FNDA:1,(anonymous_36)
FNDA:7,(anonymous_37)
FNDA:10,exportMix
FNDA:11,(anonymous_39)
FNDA:11,(anonymous_40)
FNDA:10,(anonymous_41)
FNDA:2,(anonymous_42)
FNDA:9,(anonymous_43)
FNDA:1,(anonymous_44)
FNDA:10,formatOptions
DA:1,3
DA:2,3
DA:3,3
DA:5,3
DA:6,3
DA:8,3
DA:9,1
DA:13,20
DA:17,14
DA:21,20
DA:22,20
DA:23,13
DA:24,7
DA:29,3
DA:30,21
DA:31,21
DA:32,21
DA:33,20
DA:34,20
DA:35,20
DA:36,20
DA:39,20
DA:49,3
DA:55,4
DA:56,4
DA:57,4
DA:59,4
DA:62,3
DA:64,4
DA:68,4
DA:69,3
DA:72,3
DA:73,2
DA:74,2
DA:76,2
DA:82,1
DA:83,1
DA:86,3
DA:87,4
DA:89,4
DA:90,2
DA:91,2
DA:92,2
DA:93,4
DA:94,2
DA:105,2
DA:106,4
DA:107,4
DA:108,2
DA:115,2
DA:116,2
DA:119,3
DA:126,6
DA:127,6
DA:128,6
DA:130,6
DA:131,4
DA:132,4
DA:134,6
DA:135,2
DA:136,2
DA:137,2
DA:140,6
DA:141,6
DA:142,6
DA:143,6
DA:145,5
DA:146,5
DA:149,3
DA:150,2
DA:151,2
DA:152,1
DA:153,1
DA:156,3
DA:162,2
DA:163,2
DA:165,2
DA:171,1
DA:172,1
DA:176,10
DA:177,10
DA:178,10
DA:179,9
DA:184,3
DA:190,20
DA:191,10
DA:193,9
DA:194,9
DA:195,9
DA:196,9
DA:198,9
DA:199,9
DA:200,9
DA:202,9
DA:209,1
DA:211,9
DA:212,9
DA:213,9
DA:214,7
DA:215,7
DA:216,7
DA:217,7
DA:219,7
DA:220,24
DA:221,24
DA:222,24
DA:223,24
DA:224,26
DA:225,26
DA:226,5
DA:227,5
DA:228,5
DA:230,24
DA:231,24
DA:234,7
DA:237,9
DA:241,3
DA:247,10
DA:248,11
DA:250,10
DA:251,11
DA:252,11
DA:254,11
DA:255,10
DA:256,10
DA:258,10
DA:259,10
DA:263,2
DA:264,9
DA:265,1
DA:271,10
DA:272,2
DA:273,1
DA:274,1
DA:276,2
DA:277,4
LF:136
LH:136
BRDA:8,0,0,1
BRDA:17,1,0,14
BRDA:17,1,1,1
BRDA:32,2,0,1
BRDA:34,3,0,20
BRDA:34,3,1,1
BRDA:35,4,0,20
BRDA:35,4,1,3
BRDA:36,5,0,18
BRDA:36,5,1,2
BRDA:36,6,0,20
BRDA:36,6,1,18
BRDA:37,7,0,1
BRDA:37,7,1,1
BRDA:37,8,0,2
BRDA:37,8,1,1
BRDA:41,9,0,20
BRDA:41,9,1,3
BRDA:42,10,0,20
BRDA:42,10,1,3
BRDA:43,11,0,20
BRDA:43,11,1,1
BRDA:64,12,0,0
BRDA:64,12,1,4
BRDA:89,13,0,2
BRDA:89,13,1,2
BRDA:89,14,0,4
BRDA:89,14,1,2
BRDA:130,15,0,4
BRDA:131,16,0,1
BRDA:131,16,1,3
BRDA:134,17,0,2
BRDA:135,18,0,1
BRDA:135,18,1,1
BRDA:141,19,0,5
BRDA:178,20,0,1
BRDA:178,20,1,9
BRDA:193,21,0,9
BRDA:193,21,1,1
BRDA:194,22,0,9
BRDA:194,22,1,8
BRDA:195,23,0,9
BRDA:195,23,1,8
BRDA:225,24,0,21
BRDA:227,25,0,5
BRDA:228,26,0,3
BRDA:230,27,0,21
BRDA:263,28,0,2
BRDA:263,28,1,1
BRDA:271,29,0,2
BRDA:271,29,1,1
BRDA:271,29,2,1
BRDA:271,29,3,1
BRDA:271,29,4,2
BRDA:271,29,5,4
BRF:55
BRH:54
end_of_record
TN:
SF:src/services/storage.service.ts
FN:13,initStorage
FN:37,registerFile
FN:47,getFilePath
FN:54,deleteFile
FN:61,sessionDir
FN:65,exportsDir
FN:69,cleanupAllFiles
FN:75,purgeStaleFiles
FNF:8
FNH:8
FNDA:4,initStorage
FNDA:8,registerFile
FNDA:9,getFilePath
FNDA:8,deleteFile
FNDA:1,sessionDir
FNDA:1,exportsDir
FNDA:14,cleanupAllFiles
FNDA:2,purgeStaleFiles
DA:1,2
DA:2,2
DA:3,2
DA:6,2
DA:7,2
DA:8,2
DA:9,2
DA:11,2
DA:13,2
DA:14,4
DA:15,4
DA:19,4
DA:20,0
DA:21,0
DA:22,0
DA:23,0
DA:24,0
DA:34,4
DA:37,2
DA:38,8
DA:47,2
DA:48,9
DA:49,9
DA:50,4
DA:51,4
DA:54,2
DA:55,8
DA:56,8
DA:57,7
DA:58,7
DA:61,2
DA:62,1
DA:65,2
DA:66,1
DA:69,2
DA:70,14
DA:71,4
DA:76,2
DA:77,2
DA:78,2
DA:79,1
LF:41
LH:36
BRDA:22,0,0,0
BRDA:22,1,0,0
BRDA:22,1,1,0
BRDA:49,2,0,5
BRDA:56,3,0,1
BRDA:78,4,0,1
BRF:6
BRH:3
end_of_record
